2026-03-31T12:17:40.726+05:30  INFO 29016 --- [user-service] [main] com.bank.user.UserServiceApplication     : Starting UserServiceApplication using Java 17.0.10 with PID 29016 (C:\Users\mmanish3\OneDrive - Capgemini\Desktop\bankmanagement\user-service\target\classes started by mmanish3 in C:\Users\mmanish3\OneDrive - Capgemini\Desktop\bankmanagement\user-service)
2026-03-31T12:17:40.805+05:30  INFO 29016 --- [user-service] [main] com.bank.user.UserServiceApplication     : No active profile set, falling back to 1 default profile: "default"
2026-03-31T12:17:43.910+05:30  INFO 29016 --- [user-service] [main] .s.d.r.c.RepositoryConfigurationDelegate : Bootstrapping Spring Data JPA repositories in DEFAULT mode.
2026-03-31T12:17:44.655+05:30  INFO 29016 --- [user-service] [main] .s.d.r.c.RepositoryConfigurationDelegate : Finished Spring Data repository scanning in 668 ms. Found 1 JPA repository interface.
2026-03-31T12:17:45.880+05:30  INFO 29016 --- [user-service] [main] o.s.cloud.context.scope.GenericScope     : BeanFactory id=10d2569a-c158-3608-8659-aaf2ba3d53ea
2026-03-31T12:17:47.262+05:30  WARN 29016 --- [user-service] [main] trationDelegate$BeanPostProcessorChecker : Bean 'org.springframework.cloud.client.loadbalancer.LoadBalancerAutoConfiguration$LoadBalancerInterceptorConfig' of type [org.springframework.cloud.client.loadbalancer.LoadBalancerAutoConfiguration$LoadBalancerInterceptorConfig] is not eligible for getting processed by all BeanPostProcessors (for example: not eligible for auto-proxying). The currently created BeanPostProcessor [lbRestClientPostProcessor] is declared through a non-static factory method on that class; consider declaring it as static instead.
2026-03-31T12:17:47.267+05:30  WARN 29016 --- [user-service] [main] trationDelegate$BeanPostProcessorChecker : Bean 'org.springframework.cloud.loadbalancer.config.BlockingLoadBalancerClientAutoConfiguration' of type [org.springframework.cloud.loadbalancer.config.BlockingLoadBalancerClientAutoConfiguration] is not eligible for getting processed by all BeanPostProcessors (for example: not eligible for auto-proxying). Is this bean getting eagerly injected into a currently created BeanPostProcessor [lbRestClientPostProcessor]? Check the corresponding BeanPostProcessor declaration and its dependencies.
2026-03-31T12:17:47.272+05:30  WARN 29016 --- [user-service] [main] trationDelegate$BeanPostProcessorChecker : Bean 'org.springframework.cloud.loadbalancer.config.LoadBalancerAutoConfiguration' of type [org.springframework.cloud.loadbalancer.config.LoadBalancerAutoConfiguration] is not eligible for getting processed by all BeanPostProcessors (for example: not eligible for auto-proxying). Is this bean getting eagerly injected into a currently created BeanPostProcessor [lbRestClientPostProcessor]? Check the corresponding BeanPostProcessor declaration and its dependencies.
2026-03-31T12:17:47.306+05:30  WARN 29016 --- [user-service] [main] trationDelegate$BeanPostProcessorChecker : Bean 'org.springframework.cloud.commons.config.CommonsConfigAutoConfiguration' of type [org.springframework.cloud.commons.config.CommonsConfigAutoConfiguration] is not eligible for getting processed by all BeanPostProcessors (for example: not eligible for auto-proxying). Is this bean getting eagerly injected into a currently created BeanPostProcessor [lbRestClientPostProcessor]? Check the corresponding BeanPostProcessor declaration and its dependencies.
2026-03-31T12:17:47.315+05:30  WARN 29016 --- [user-service] [main] trationDelegate$BeanPostProcessorChecker : Bean 'org.springframework.cloud.client.loadbalancer.LoadBalancerDefaultMappingsProviderAutoConfiguration' of type [org.springframework.cloud.client.loadbalancer.LoadBalancerDefaultMappingsProviderAutoConfiguration] is not eligible for getting processed by all BeanPostProcessors (for example: not eligible for auto-proxying). Is this bean getting eagerly injected into a currently created BeanPostProcessor [lbRestClientPostProcessor]? Check the corresponding BeanPostProcessor declaration and its dependencies.
2026-03-31T12:17:47.318+05:30  WARN 29016 --- [user-service] [main] trationDelegate$BeanPostProcessorChecker : Bean 'loadBalancerClientsDefaultsMappingsProvider' of type [org.springframework.cloud.client.loadbalancer.LoadBalancerDefaultMappingsProviderAutoConfiguration$$Lambda$663/0x0000000800575000] is not eligible for getting processed by all BeanPostProcessors (for example: not eligible for auto-proxying). Is this bean getting eagerly injected into a currently created BeanPostProcessor [lbRestClientPostProcessor]? Check the corresponding BeanPostProcessor declaration and its dependencies.
2026-03-31T12:17:47.329+05:30  WARN 29016 --- [user-service] [main] trationDelegate$BeanPostProcessorChecker : Bean 'defaultsBindHandlerAdvisor' of type [org.springframework.cloud.commons.config.DefaultsBindHandlerAdvisor] is not eligible for getting processed by all BeanPostProcessors (for example: not eligible for auto-proxying). Is this bean getting eagerly injected into a currently created BeanPostProcessor [lbRestClientPostProcessor]? Check the corresponding BeanPostProcessor declaration and its dependencies.
2026-03-31T12:17:47.346+05:30  WARN 29016 --- [user-service] [main] trationDelegate$BeanPostProcessorChecker : Bean 'spring.cloud.loadbalancer-org.springframework.cloud.client.loadbalancer.LoadBalancerClientsProperties' of type [org.springframework.cloud.client.loadbalancer.LoadBalancerClientsProperties] is not eligible for getting processed by all BeanPostProcessors (for example: not eligible for auto-proxying). Is this bean getting eagerly injected into a currently created BeanPostProcessor [lbRestClientPostProcessor]? Check the corresponding BeanPostProcessor declaration and its dependencies.
2026-03-31T12:17:47.365+05:30  WARN 29016 --- [user-service] [main] trationDelegate$BeanPostProcessorChecker : Bean 'default.org.springframework.cloud.loadbalancer.config.LoadBalancerAutoConfiguration.LoadBalancerClientSpecification' of type [org.springframework.cloud.loadbalancer.annotation.LoadBalancerClientSpecification] is not eligible for getting processed by all BeanPostProcessors (for example: not eligible for auto-proxying). Is this bean getting eagerly injected into a currently created BeanPostProcessor [lbRestClientPostProcessor]? Check the corresponding BeanPostProcessor declaration and its dependencies.
2026-03-31T12:17:47.372+05:30  WARN 29016 --- [user-service] [main] trationDelegate$BeanPostProcessorChecker : Bean 'default.org.springframework.cloud.loadbalancer.config.BlockingLoadBalancerClientAutoConfiguration.LoadBalancerClientSpecification' of type [org.springframework.cloud.loadbalancer.annotation.LoadBalancerClientSpecification] is not eligible for getting processed by all BeanPostProcessors (for example: not eligible for auto-proxying). Is this bean getting eagerly injected into a currently created BeanPostProcessor [lbRestClientPostProcessor]? Check the corresponding BeanPostProcessor declaration and its dependencies.
2026-03-31T12:17:47.374+05:30  WARN 29016 --- [user-service] [main] trationDelegate$BeanPostProcessorChecker : Bean 'default.org.springframework.cloud.netflix.eureka.loadbalancer.LoadBalancerEurekaAutoConfiguration.LoadBalancerClientSpecification' of type [org.springframework.cloud.loadbalancer.annotation.LoadBalancerClientSpecification] is not eligible for getting processed by all BeanPostProcessors (for example: not eligible for auto-proxying). Is this bean getting eagerly injected into a currently created BeanPostProcessor [lbRestClientPostProcessor]? Check the corresponding BeanPostProcessor declaration and its dependencies.
2026-03-31T12:17:47.376+05:30  WARN 29016 --- [user-service] [main] trationDelegate$BeanPostProcessorChecker : Bean 'loadBalancerClientFactory' of type [org.springframework.cloud.loadbalancer.support.LoadBalancerClientFactory] is not eligible for getting processed by all BeanPostProcessors (for example: not eligible for auto-proxying). Is this bean getting eagerly injected into a currently created BeanPostProcessor [lbRestClientPostProcessor]? Check the corresponding BeanPostProcessor declaration and its dependencies.
2026-03-31T12:17:47.428+05:30  WARN 29016 --- [user-service] [main] trationDelegate$BeanPostProcessorChecker : Bean 'blockingLoadBalancerClient' of type [org.springframework.cloud.loadbalancer.blocking.client.BlockingLoadBalancerClient] is not eligible for getting processed by all BeanPostProcessors (for example: not eligible for auto-proxying). Is this bean getting eagerly injected into a currently created BeanPostProcessor [lbRestClientPostProcessor]? Check the corresponding BeanPostProcessor declaration and its dependencies.
2026-03-31T12:17:47.533+05:30  WARN 29016 --- [user-service] [main] trationDelegate$BeanPostProcessorChecker : Bean 'loadBalancerServiceInstanceCookieTransformer' of type [org.springframework.cloud.loadbalancer.core.LoadBalancerServiceInstanceCookieTransformer] is not eligible for getting processed by all BeanPostProcessors (for example: not eligible for auto-proxying). Is this bean getting eagerly injected into a currently created BeanPostProcessor [lbRestClientPostProcessor]? Check the corresponding BeanPostProcessor declaration and its dependencies.
2026-03-31T12:17:47.537+05:30  WARN 29016 --- [user-service] [main] trationDelegate$BeanPostProcessorChecker : Bean 'xForwarderHeadersTransformer' of type [org.springframework.cloud.loadbalancer.blocking.XForwardedHeadersTransformer] is not eligible for getting processed by all BeanPostProcessors (for example: not eligible for auto-proxying). Is this bean getting eagerly injected into a currently created BeanPostProcessor [lbRestClientPostProcessor]? Check the corresponding BeanPostProcessor declaration and its dependencies.
2026-03-31T12:17:47.539+05:30  WARN 29016 --- [user-service] [main] trationDelegate$BeanPostProcessorChecker : Bean 'org.springframework.cloud.client.loadbalancer.LoadBalancerAutoConfiguration' of type [org.springframework.cloud.client.loadbalancer.LoadBalancerAutoConfiguration] is not eligible for getting processed by all BeanPostProcessors (for example: not eligible for auto-proxying). Is this bean getting eagerly injected into a currently created BeanPostProcessor [lbRestClientPostProcessor]? Check the corresponding BeanPostProcessor declaration and its dependencies.
2026-03-31T12:17:47.546+05:30  WARN 29016 --- [user-service] [main] trationDelegate$BeanPostProcessorChecker : Bean 'loadBalancerRequestFactory' of type [org.springframework.cloud.client.loadbalancer.LoadBalancerRequestFactory] is not eligible for getting processed by all BeanPostProcessors (for example: not eligible for auto-proxying). Is this bean getting eagerly injected into a currently created BeanPostProcessor [lbRestClientPostProcessor]? Check the corresponding BeanPostProcessor declaration and its dependencies.
2026-03-31T12:17:47.552+05:30  WARN 29016 --- [user-service] [main] trationDelegate$BeanPostProcessorChecker : Bean 'loadBalancerInterceptor' of type [org.springframework.cloud.client.loadbalancer.LoadBalancerInterceptor] is not eligible for getting processed by all BeanPostProcessors (for example: not eligible for auto-proxying). Is this bean getting eagerly injected into a currently created BeanPostProcessor [lbRestClientPostProcessor]? Check the corresponding BeanPostProcessor declaration and its dependencies.
2026-03-31T12:17:48.530+05:30  INFO 29016 --- [user-service] [main] o.s.b.w.embedded.tomcat.TomcatWebServer  : Tomcat initialized with port 8082 (http)
2026-03-31T12:17:48.557+05:30  INFO 29016 --- [user-service] [main] o.apache.catalina.core.StandardService   : Starting service [Tomcat]
2026-03-31T12:17:48.558+05:30  INFO 29016 --- [user-service] [main] o.apache.catalina.core.StandardEngine    : Starting Servlet engine: [Apache Tomcat/10.1.16]
2026-03-31T12:17:48.848+05:30  INFO 29016 --- [user-service] [main] o.a.c.c.C.[Tomcat].[localhost].[/]       : Initializing Spring embedded WebApplicationContext
2026-03-31T12:17:48.850+05:30  INFO 29016 --- [user-service] [main] w.s.c.ServletWebServerApplicationContext : Root WebApplicationContext: initialization completed in 7866 ms
2026-03-31T12:17:49.480+05:30  INFO 29016 --- [user-service] [main] o.hibernate.jpa.internal.util.LogHelper  : HHH000204: Processing PersistenceUnitInfo [name: default]
2026-03-31T12:17:49.646+05:30  INFO 29016 --- [user-service] [main] org.hibernate.Version                    : HHH000412: Hibernate ORM core version 6.3.1.Final
2026-03-31T12:17:49.735+05:30  INFO 29016 --- [user-service] [main] o.h.c.internal.RegionFactoryInitiator    : HHH000026: Second-level cache disabled
2026-03-31T12:17:50.438+05:30  INFO 29016 --- [user-service] [main] o.s.o.j.p.SpringPersistenceUnitInfo      : No LoadTimeWeaver setup: ignoring JPA class transformer
2026-03-31T12:17:50.516+05:30  INFO 29016 --- [user-service] [main] com.zaxxer.hikari.HikariDataSource       : HikariPool-1 - Starting...
2026-03-31T12:17:51.262+05:30  INFO 29016 --- [user-service] [main] com.zaxxer.hikari.pool.HikariPool        : HikariPool-1 - Added connection com.mysql.cj.jdbc.ConnectionImpl@60861e5d
2026-03-31T12:17:51.267+05:30  INFO 29016 --- [user-service] [main] com.zaxxer.hikari.HikariDataSource       : HikariPool-1 - Start completed.
2026-03-31T12:17:53.911+05:30  INFO 29016 --- [user-service] [main] o.h.e.t.j.p.i.JtaPlatformInitiator       : HHH000489: No JTA platform available (set 'hibernate.transaction.jta.platform' to enable JTA platform integration)
2026-03-31T12:17:54.107+05:30  INFO 29016 --- [user-service] [main] j.LocalContainerEntityManagerFactoryBean : Initialized JPA EntityManagerFactory for persistence unit 'default'
2026-03-31T12:17:55.659+05:30  WARN 29016 --- [user-service] [main] JpaBaseConfiguration$JpaWebConfiguration : spring.jpa.open-in-view is enabled by default. Therefore, database queries may be performed during view rendering. Explicitly configure spring.jpa.open-in-view to disable this warning
2026-03-31T12:17:57.823+05:30  INFO 29016 --- [user-service] [main] DiscoveryClientOptionalArgsConfiguration : Eureka HTTP Client uses RestTemplate.
2026-03-31T12:17:58.412+05:30  WARN 29016 --- [user-service] [main] iguration$LoadBalancerCaffeineWarnLogger : Spring Cloud LoadBalancer is currently working with the default cache. While this cache implementation is useful for development and tests, it's recommended to use Caffeine cache in production.You can switch to using Caffeine cache, by adding it and org.springframework.cache.caffeine.CaffeineCacheManager to the classpath.
2026-03-31T12:17:58.541+05:30  INFO 29016 --- [user-service] [main] o.s.c.n.eureka.InstanceInfoFactory       : Setting initial instance status as: STARTING
2026-03-31T12:17:58.631+05:30  INFO 29016 --- [user-service] [main] com.netflix.discovery.DiscoveryClient    : Initializing Eureka in region us-east-1
2026-03-31T12:17:58.642+05:30  INFO 29016 --- [user-service] [main] c.n.d.s.r.aws.ConfigClusterResolver      : Resolving eureka endpoints via configuration
2026-03-31T12:17:58.692+05:30  INFO 29016 --- [user-service] [main] com.netflix.discovery.DiscoveryClient    : Disable delta property : false
2026-03-31T12:17:58.693+05:30  INFO 29016 --- [user-service] [main] com.netflix.discovery.DiscoveryClient    : Single vip registry refresh property : null
2026-03-31T12:17:58.693+05:30  INFO 29016 --- [user-service] [main] com.netflix.discovery.DiscoveryClient    : Force full registry fetch : false
2026-03-31T12:17:58.693+05:30  INFO 29016 --- [user-service] [main] com.netflix.discovery.DiscoveryClient    : Application is null : false
2026-03-31T12:17:58.693+05:30  INFO 29016 --- [user-service] [main] com.netflix.discovery.DiscoveryClient    : Registered Applications size is zero : true
2026-03-31T12:17:58.693+05:30  INFO 29016 --- [user-service] [main] com.netflix.discovery.DiscoveryClient    : Application version is -1: true
2026-03-31T12:17:58.693+05:30  INFO 29016 --- [user-service] [main] com.netflix.discovery.DiscoveryClient    : Getting all instance registry info from the eureka server
2026-03-31T12:17:59.503+05:30  INFO 29016 --- [user-service] [main] com.netflix.discovery.DiscoveryClient    : The response status is 200
2026-03-31T12:17:59.506+05:30  INFO 29016 --- [user-service] [main] com.netflix.discovery.DiscoveryClient    : Starting heartbeat executor: renew interval is: 30
2026-03-31T12:17:59.513+05:30  INFO 29016 --- [user-service] [main] c.n.discovery.InstanceInfoReplicator     : InstanceInfoReplicator onDemand update allowed rate per min is 4
2026-03-31T12:17:59.522+05:30  INFO 29016 --- [user-service] [main] com.netflix.discovery.DiscoveryClient    : Discovery Client initialized at timestamp 1774939679521 with initial instances count: 0
2026-03-31T12:17:59.546+05:30  INFO 29016 --- [user-service] [main] o.s.c.n.e.s.EurekaServiceRegistry        : Registering application USER-SERVICE with eureka with status UP
2026-03-31T12:17:59.548+05:30  INFO 29016 --- [user-service] [main] com.netflix.discovery.DiscoveryClient    : Saw local status change event StatusChangeEvent [timestamp=1774939679548, current=UP, previous=STARTING]
2026-03-31T12:17:59.552+05:30  INFO 29016 --- [user-service] [DiscoveryClient-InstanceInfoReplicator-0] com.netflix.discovery.DiscoveryClient    : DiscoveryClient_USER-SERVICE/10.110.197.62:user-service:8082: registering service...
2026-03-31T12:17:59.606+05:30  INFO 29016 --- [user-service] [main] o.s.b.w.embedded.tomcat.TomcatWebServer  : Tomcat started on port 8082 (http) with context path ''
2026-03-31T12:17:59.607+05:30  INFO 29016 --- [user-service] [main] .s.c.n.e.s.EurekaAutoServiceRegistration : Updating port to 8082
2026-03-31T12:17:59.625+05:30  INFO 29016 --- [user-service] [DiscoveryClient-InstanceInfoReplicator-0] com.netflix.discovery.DiscoveryClient    : DiscoveryClient_USER-SERVICE/10.110.197.62:user-service:8082 - registration status: 204
2026-03-31T12:18:00.102+05:30  INFO 29016 --- [user-service] [main] com.bank.user.UserServiceApplication     : Started UserServiceApplication in 23.522 seconds (process running for 26.785)
2026-03-31T12:18:29.516+05:30  INFO 29016 --- [user-service] [DiscoveryClient-CacheRefreshExecutor-0] com.netflix.discovery.DiscoveryClient    : Disable delta property : false
2026-03-31T12:18:29.516+05:30  INFO 29016 --- [user-service] [DiscoveryClient-CacheRefreshExecutor-0] com.netflix.discovery.DiscoveryClient    : Single vip registry refresh property : null
2026-03-31T12:18:29.516+05:30  INFO 29016 --- [user-service] [DiscoveryClient-CacheRefreshExecutor-0] com.netflix.discovery.DiscoveryClient    : Force full registry fetch : false
2026-03-31T12:18:29.516+05:30  INFO 29016 --- [user-service] [DiscoveryClient-CacheRefreshExecutor-0] com.netflix.discovery.DiscoveryClient    : Application is null : false
2026-03-31T12:18:29.517+05:30  INFO 29016 --- [user-service] [DiscoveryClient-CacheRefreshExecutor-0] com.netflix.discovery.DiscoveryClient    : Registered Applications size is zero : true
2026-03-31T12:18:29.517+05:30  INFO 29016 --- [user-service] [DiscoveryClient-CacheRefreshExecutor-0] com.netflix.discovery.DiscoveryClient    : Application version is -1: false
2026-03-31T12:18:29.517+05:30  INFO 29016 --- [user-service] [DiscoveryClient-CacheRefreshExecutor-0] com.netflix.discovery.DiscoveryClient    : Getting all instance registry info from the eureka server
2026-03-31T12:18:29.545+05:30  INFO 29016 --- [user-service] [DiscoveryClient-CacheRefreshExecutor-0] com.netflix.discovery.DiscoveryClient    : The response status is 200
2026-03-31T12:20:15.108+05:30  INFO 29016 --- [user-service] [http-nio-8082-exec-1] o.a.c.c.C.[Tomcat].[localhost].[/]       : Initializing Spring DispatcherServlet 'dispatcherServlet'
2026-03-31T12:20:15.109+05:30  INFO 29016 --- [user-service] [http-nio-8082-exec-1] o.s.web.servlet.DispatcherServlet        : Initializing Servlet 'dispatcherServlet'
2026-03-31T12:20:15.111+05:30  INFO 29016 --- [user-service] [http-nio-8082-exec-1] o.s.web.servlet.DispatcherServlet        : Completed initialization in 2 ms
2026-03-31T12:20:15.183+05:30  INFO 29016 --- [user-service] [http-nio-8082-exec-1] com.bank.user.aop.LoggingAspect          : Executing: UserController.getAllUsers(..) with args: [ADMIN]
2026-03-31T12:20:15.184+05:30  INFO 29016 --- [user-service] [http-nio-8082-exec-1] com.bank.user.aop.LoggingAspect          : Executing: UserService.getAllUsers() with args: []
2026-03-31T12:20:15.184+05:30  INFO 29016 --- [user-service] [http-nio-8082-exec-1] com.bank.user.service.UserService        : Fetching all users
2026-03-31T12:20:15.456+05:30  INFO 29016 --- [user-service] [http-nio-8082-exec-1] com.bank.user.aop.LoggingAspect          : Completed: UserService.getAllUsers() returned: ArrayList
2026-03-31T12:20:15.456+05:30  INFO 29016 --- [user-service] [http-nio-8082-exec-1] com.bank.user.aop.LoggingAspect          : UserService.getAllUsers() executed in 273 ms
2026-03-31T12:20:15.457+05:30  INFO 29016 --- [user-service] [http-nio-8082-exec-1] com.bank.user.aop.LoggingAspect          : Completed: UserController.getAllUsers(..) returned: ResponseEntity
2026-03-31T12:20:15.489+05:30  INFO 29016 --- [user-service] [http-nio-8082-exec-2] com.bank.user.aop.LoggingAspect          : Executing: UserController.getAllUsers(..) with args: [ADMIN]
2026-03-31T12:20:15.490+05:30  INFO 29016 --- [user-service] [http-nio-8082-exec-2] com.bank.user.aop.LoggingAspect          : Executing: UserService.getAllUsers() with args: []
2026-03-31T12:20:15.490+05:30  INFO 29016 --- [user-service] [http-nio-8082-exec-2] com.bank.user.service.UserService        : Fetching all users
2026-03-31T12:20:15.501+05:30  INFO 29016 --- [user-service] [http-nio-8082-exec-2] com.bank.user.aop.LoggingAspect          : Completed: UserService.getAllUsers() returned: ArrayList
2026-03-31T12:20:15.502+05:30  INFO 29016 --- [user-service] [http-nio-8082-exec-2] com.bank.user.aop.LoggingAspect          : UserService.getAllUsers() executed in 12 ms
2026-03-31T12:20:15.502+05:30  INFO 29016 --- [user-service] [http-nio-8082-exec-2] com.bank.user.aop.LoggingAspect          : Completed: UserController.getAllUsers(..) returned: ResponseEntity
2026-03-31T12:20:15.816+05:30  INFO 29016 --- [user-service] [http-nio-8082-exec-3] com.bank.user.aop.LoggingAspect          : Executing: UserController.getAllUsers(..) with args: [ADMIN]
2026-03-31T12:20:15.817+05:30  INFO 29016 --- [user-service] [http-nio-8082-exec-3] com.bank.user.aop.LoggingAspect          : Executing: UserService.getAllUsers() with args: []
2026-03-31T12:20:15.817+05:30  INFO 29016 --- [user-service] [http-nio-8082-exec-3] com.bank.user.service.UserService        : Fetching all users
2026-03-31T12:20:15.826+05:30  INFO 29016 --- [user-service] [http-nio-8082-exec-3] com.bank.user.aop.LoggingAspect          : Completed: UserService.getAllUsers() returned: ArrayList
2026-03-31T12:20:15.826+05:30  INFO 29016 --- [user-service] [http-nio-8082-exec-3] com.bank.user.aop.LoggingAspect          : UserService.getAllUsers() executed in 9 ms
2026-03-31T12:20:15.826+05:30  INFO 29016 --- [user-service] [http-nio-8082-exec-3] com.bank.user.aop.LoggingAspect          : Completed: UserController.getAllUsers(..) returned: ResponseEntity
2026-03-31T12:20:16.155+05:30  INFO 29016 --- [user-service] [http-nio-8082-exec-4] com.bank.user.aop.LoggingAspect          : Executing: UserController.getAllUsers(..) with args: [ADMIN]
2026-03-31T12:20:16.155+05:30  INFO 29016 --- [user-service] [http-nio-8082-exec-4] com.bank.user.aop.LoggingAspect          : Executing: UserService.getAllUsers() with args: []
2026-03-31T12:20:16.156+05:30  INFO 29016 --- [user-service] [http-nio-8082-exec-4] com.bank.user.service.UserService        : Fetching all users
2026-03-31T12:20:16.167+05:30  INFO 29016 --- [user-service] [http-nio-8082-exec-4] com.bank.user.aop.LoggingAspect          : Completed: UserService.getAllUsers() returned: ArrayList
2026-03-31T12:20:16.167+05:30  INFO 29016 --- [user-service] [http-nio-8082-exec-4] com.bank.user.aop.LoggingAspect          : UserService.getAllUsers() executed in 12 ms
2026-03-31T12:20:16.167+05:30  INFO 29016 --- [user-service] [http-nio-8082-exec-4] com.bank.user.aop.LoggingAspect          : Completed: UserController.getAllUsers(..) returned: ResponseEntity
2026-03-31T12:20:32.649+05:30  INFO 29016 --- [user-service] [http-nio-8082-exec-5] com.bank.user.aop.LoggingAspect          : Executing: UserController.getAllUsers(..) with args: [ADMIN]
2026-03-31T12:20:32.650+05:30  INFO 29016 --- [user-service] [http-nio-8082-exec-5] com.bank.user.aop.LoggingAspect          : Executing: UserService.getAllUsers() with args: []
2026-03-31T12:20:32.650+05:30  INFO 29016 --- [user-service] [http-nio-8082-exec-5] com.bank.user.service.UserService        : Fetching all users
2026-03-31T12:20:32.662+05:30  INFO 29016 --- [user-service] [http-nio-8082-exec-5] com.bank.user.aop.LoggingAspect          : Completed: UserService.getAllUsers() returned: ArrayList
2026-03-31T12:20:32.663+05:30  INFO 29016 --- [user-service] [http-nio-8082-exec-5] com.bank.user.aop.LoggingAspect          : UserService.getAllUsers() executed in 13 ms
2026-03-31T12:20:32.663+05:30  INFO 29016 --- [user-service] [http-nio-8082-exec-5] com.bank.user.aop.LoggingAspect          : Completed: UserController.getAllUsers(..) returned: ResponseEntity
2026-03-31T12:20:34.250+05:30  INFO 29016 --- [user-service] [http-nio-8082-exec-6] com.bank.user.aop.LoggingAspect          : Executing: UserController.getAllUsers(..) with args: [ADMIN]
2026-03-31T12:20:34.250+05:30  INFO 29016 --- [user-service] [http-nio-8082-exec-6] com.bank.user.aop.LoggingAspect          : Executing: UserService.getAllUsers() with args: []
2026-03-31T12:20:34.251+05:30  INFO 29016 --- [user-service] [http-nio-8082-exec-6] com.bank.user.service.UserService        : Fetching all users
2026-03-31T12:20:34.262+05:30  INFO 29016 --- [user-service] [http-nio-8082-exec-6] com.bank.user.aop.LoggingAspect          : Completed: UserService.getAllUsers() returned: ArrayList
2026-03-31T12:20:34.263+05:30  INFO 29016 --- [user-service] [http-nio-8082-exec-6] com.bank.user.aop.LoggingAspect          : UserService.getAllUsers() executed in 12 ms
2026-03-31T12:20:34.263+05:30  INFO 29016 --- [user-service] [http-nio-8082-exec-6] com.bank.user.aop.LoggingAspect          : Completed: UserController.getAllUsers(..) returned: ResponseEntity
2026-03-31T12:20:34.590+05:30  INFO 29016 --- [user-service] [http-nio-8082-exec-7] com.bank.user.aop.LoggingAspect          : Executing: UserController.getAllUsers(..) with args: [ADMIN]
2026-03-31T12:20:34.590+05:30  INFO 29016 --- [user-service] [http-nio-8082-exec-7] com.bank.user.aop.LoggingAspect          : Executing: UserService.getAllUsers() with args: []
2026-03-31T12:20:34.590+05:30  INFO 29016 --- [user-service] [http-nio-8082-exec-7] com.bank.user.service.UserService        : Fetching all users
2026-03-31T12:20:34.600+05:30  INFO 29016 --- [user-service] [http-nio-8082-exec-7] com.bank.user.aop.LoggingAspect          : Completed: UserService.getAllUsers() returned: ArrayList
2026-03-31T12:20:34.600+05:30  INFO 29016 --- [user-service] [http-nio-8082-exec-7] com.bank.user.aop.LoggingAspect          : UserService.getAllUsers() executed in 10 ms
2026-03-31T12:20:34.600+05:30  INFO 29016 --- [user-service] [http-nio-8082-exec-7] com.bank.user.aop.LoggingAspect          : Completed: UserController.getAllUsers(..) returned: ResponseEntity
2026-03-31T12:20:39.069+05:30  INFO 29016 --- [user-service] [http-nio-8082-exec-8] com.bank.user.aop.LoggingAspect          : Executing: UserController.getAllUsers(..) with args: [ADMIN]
2026-03-31T12:20:39.070+05:30  INFO 29016 --- [user-service] [http-nio-8082-exec-8] com.bank.user.aop.LoggingAspect          : Executing: UserService.getAllUsers() with args: []
2026-03-31T12:20:39.070+05:30  INFO 29016 --- [user-service] [http-nio-8082-exec-8] com.bank.user.service.UserService        : Fetching all users
2026-03-31T12:20:39.079+05:30  INFO 29016 --- [user-service] [http-nio-8082-exec-8] com.bank.user.aop.LoggingAspect          : Completed: UserService.getAllUsers() returned: ArrayList
2026-03-31T12:20:39.080+05:30  INFO 29016 --- [user-service] [http-nio-8082-exec-8] com.bank.user.aop.LoggingAspect          : UserService.getAllUsers() executed in 10 ms
2026-03-31T12:20:39.080+05:30  INFO 29016 --- [user-service] [http-nio-8082-exec-8] com.bank.user.aop.LoggingAspect          : Completed: UserController.getAllUsers(..) returned: ResponseEntity
2026-03-31T12:20:41.408+05:30  INFO 29016 --- [user-service] [http-nio-8082-exec-9] com.bank.user.aop.LoggingAspect          : Executing: UserController.getAllUsers(..) with args: [ADMIN]
2026-03-31T12:20:41.409+05:30  INFO 29016 --- [user-service] [http-nio-8082-exec-9] com.bank.user.aop.LoggingAspect          : Executing: UserService.getAllUsers() with args: []
2026-03-31T12:20:41.409+05:30  INFO 29016 --- [user-service] [http-nio-8082-exec-9] com.bank.user.service.UserService        : Fetching all users
2026-03-31T12:20:41.423+05:30  INFO 29016 --- [user-service] [http-nio-8082-exec-9] com.bank.user.aop.LoggingAspect          : Completed: UserService.getAllUsers() returned: ArrayList
2026-03-31T12:20:41.423+05:30  INFO 29016 --- [user-service] [http-nio-8082-exec-9] com.bank.user.aop.LoggingAspect          : UserService.getAllUsers() executed in 14 ms
2026-03-31T12:20:41.423+05:30  INFO 29016 --- [user-service] [http-nio-8082-exec-9] com.bank.user.aop.LoggingAspect          : Completed: UserController.getAllUsers(..) returned: ResponseEntity
2026-03-31T12:20:41.767+05:30  INFO 29016 --- [user-service] [http-nio-8082-exec-10] com.bank.user.aop.LoggingAspect          : Executing: UserController.getAllUsers(..) with args: [ADMIN]
2026-03-31T12:20:41.767+05:30  INFO 29016 --- [user-service] [http-nio-8082-exec-10] com.bank.user.aop.LoggingAspect          : Executing: UserService.getAllUsers() with args: []
2026-03-31T12:20:41.768+05:30  INFO 29016 --- [user-service] [http-nio-8082-exec-10] com.bank.user.service.UserService        : Fetching all users
2026-03-31T12:20:41.775+05:30  INFO 29016 --- [user-service] [http-nio-8082-exec-10] com.bank.user.aop.LoggingAspect          : Completed: UserService.getAllUsers() returned: ArrayList
2026-03-31T12:20:41.776+05:30  INFO 29016 --- [user-service] [http-nio-8082-exec-10] com.bank.user.aop.LoggingAspect          : UserService.getAllUsers() executed in 9 ms
2026-03-31T12:20:41.776+05:30  INFO 29016 --- [user-service] [http-nio-8082-exec-10] com.bank.user.aop.LoggingAspect          : Completed: UserController.getAllUsers(..) returned: ResponseEntity
2026-03-31T12:21:13.171+05:30  INFO 29016 --- [user-service] [http-nio-8082-exec-1] com.bank.user.aop.LoggingAspect          : Executing: UserController.getAllUsers(..) with args: [ADMIN]
2026-03-31T12:21:13.172+05:30  INFO 29016 --- [user-service] [http-nio-8082-exec-1] com.bank.user.aop.LoggingAspect          : Executing: UserService.getAllUsers() with args: []
2026-03-31T12:21:13.172+05:30  INFO 29016 --- [user-service] [http-nio-8082-exec-1] com.bank.user.service.UserService        : Fetching all users
2026-03-31T12:21:13.183+05:30  INFO 29016 --- [user-service] [http-nio-8082-exec-1] com.bank.user.aop.LoggingAspect          : Completed: UserService.getAllUsers() returned: ArrayList
2026-03-31T12:21:13.183+05:30  INFO 29016 --- [user-service] [http-nio-8082-exec-1] com.bank.user.aop.LoggingAspect          : UserService.getAllUsers() executed in 11 ms
2026-03-31T12:21:13.183+05:30  INFO 29016 --- [user-service] [http-nio-8082-exec-1] com.bank.user.aop.LoggingAspect          : Completed: UserController.getAllUsers(..) returned: ResponseEntity
2026-03-31T12:22:40.328+05:30  INFO 29016 --- [user-service] [http-nio-8082-exec-2] com.bank.user.aop.LoggingAspect          : Executing: UserController.getAllUsers(..) with args: [ADMIN]
2026-03-31T12:22:40.328+05:30  INFO 29016 --- [user-service] [http-nio-8082-exec-2] com.bank.user.aop.LoggingAspect          : Executing: UserService.getAllUsers() with args: []
2026-03-31T12:22:40.328+05:30  INFO 29016 --- [user-service] [http-nio-8082-exec-2] com.bank.user.service.UserService        : Fetching all users
2026-03-31T12:22:40.341+05:30  INFO 29016 --- [user-service] [http-nio-8082-exec-2] com.bank.user.aop.LoggingAspect          : Completed: UserService.getAllUsers() returned: ArrayList
2026-03-31T12:22:40.341+05:30  INFO 29016 --- [user-service] [http-nio-8082-exec-2] com.bank.user.aop.LoggingAspect          : UserService.getAllUsers() executed in 13 ms
2026-03-31T12:22:40.342+05:30  INFO 29016 --- [user-service] [http-nio-8082-exec-2] com.bank.user.aop.LoggingAspect          : Completed: UserController.getAllUsers(..) returned: ResponseEntity
2026-03-31T12:22:58.699+05:30  INFO 29016 --- [user-service] [AsyncResolver-bootstrap-executor-0] c.n.d.s.r.aws.ConfigClusterResolver      : Resolving eureka endpoints via configuration
2026-03-31T12:26:33.528+05:30  INFO 29016 --- [user-service] [http-nio-8082-exec-3] com.bank.user.aop.LoggingAspect          : Executing: UserController.getAllUsers(..) with args: [ADMIN]
2026-03-31T12:26:33.530+05:30  INFO 29016 --- [user-service] [http-nio-8082-exec-3] com.bank.user.aop.LoggingAspect          : Executing: UserService.getAllUsers() with args: []
2026-03-31T12:26:33.530+05:30  INFO 29016 --- [user-service] [http-nio-8082-exec-3] com.bank.user.service.UserService        : Fetching all users
2026-03-31T12:26:33.544+05:30  INFO 29016 --- [user-service] [http-nio-8082-exec-3] com.bank.user.aop.LoggingAspect          : Completed: UserService.getAllUsers() returned: ArrayList
2026-03-31T12:26:33.545+05:30  INFO 29016 --- [user-service] [http-nio-8082-exec-3] com.bank.user.aop.LoggingAspect          : UserService.getAllUsers() executed in 15 ms
2026-03-31T12:26:33.545+05:30  INFO 29016 --- [user-service] [http-nio-8082-exec-3] com.bank.user.aop.LoggingAspect          : Completed: UserController.getAllUsers(..) returned: ResponseEntity
2026-03-31T12:27:58.714+05:30  INFO 29016 --- [user-service] [AsyncResolver-bootstrap-executor-0] c.n.d.s.r.aws.ConfigClusterResolver      : Resolving eureka endpoints via configuration
2026-03-31T12:29:03.736+05:30  INFO 29016 --- [user-service] [http-nio-8082-exec-4] com.bank.user.aop.LoggingAspect          : Executing: UserController.getAllUsers(..) with args: [ADMIN]
2026-03-31T12:29:03.737+05:30  INFO 29016 --- [user-service] [http-nio-8082-exec-4] com.bank.user.aop.LoggingAspect          : Executing: UserService.getAllUsers() with args: []
2026-03-31T12:29:03.737+05:30  INFO 29016 --- [user-service] [http-nio-8082-exec-4] com.bank.user.service.UserService        : Fetching all users
2026-03-31T12:29:03.749+05:30  INFO 29016 --- [user-service] [http-nio-8082-exec-4] com.bank.user.aop.LoggingAspect          : Completed: UserService.getAllUsers() returned: ArrayList
2026-03-31T12:29:03.749+05:30  INFO 29016 --- [user-service] [http-nio-8082-exec-4] com.bank.user.aop.LoggingAspect          : UserService.getAllUsers() executed in 12 ms
2026-03-31T12:29:03.749+05:30  INFO 29016 --- [user-service] [http-nio-8082-exec-4] com.bank.user.aop.LoggingAspect          : Completed: UserController.getAllUsers(..) returned: ResponseEntity
2026-03-31T12:29:04.083+05:30  INFO 29016 --- [user-service] [http-nio-8082-exec-5] com.bank.user.aop.LoggingAspect          : Executing: UserController.getAllUsers(..) with args: [ADMIN]
2026-03-31T12:29:04.083+05:30  INFO 29016 --- [user-service] [http-nio-8082-exec-5] com.bank.user.aop.LoggingAspect          : Executing: UserService.getAllUsers() with args: []
2026-03-31T12:29:04.083+05:30  INFO 29016 --- [user-service] [http-nio-8082-exec-5] com.bank.user.service.UserService        : Fetching all users
2026-03-31T12:29:04.095+05:30  INFO 29016 --- [user-service] [http-nio-8082-exec-5] com.bank.user.aop.LoggingAspect          : Completed: UserService.getAllUsers() returned: ArrayList
2026-03-31T12:29:04.096+05:30  INFO 29016 --- [user-service] [http-nio-8082-exec-5] com.bank.user.aop.LoggingAspect          : UserService.getAllUsers() executed in 13 ms
2026-03-31T12:29:04.096+05:30  INFO 29016 --- [user-service] [http-nio-8082-exec-5] com.bank.user.aop.LoggingAspect          : Completed: UserController.getAllUsers(..) returned: ResponseEntity
2026-03-31T12:29:04.110+05:30  INFO 29016 --- [user-service] [http-nio-8082-exec-6] com.bank.user.aop.LoggingAspect          : Executing: UserController.getAllUsers(..) with args: [ADMIN]
2026-03-31T12:29:04.112+05:30  INFO 29016 --- [user-service] [http-nio-8082-exec-6] com.bank.user.aop.LoggingAspect          : Executing: UserService.getAllUsers() with args: []
2026-03-31T12:29:04.113+05:30  INFO 29016 --- [user-service] [http-nio-8082-exec-6] com.bank.user.service.UserService        : Fetching all users
2026-03-31T12:29:04.130+05:30  INFO 29016 --- [user-service] [http-nio-8082-exec-6] com.bank.user.aop.LoggingAspect          : Completed: UserService.getAllUsers() returned: ArrayList
2026-03-31T12:29:04.131+05:30  INFO 29016 --- [user-service] [http-nio-8082-exec-6] com.bank.user.aop.LoggingAspect          : UserService.getAllUsers() executed in 19 ms
2026-03-31T12:29:04.131+05:30  INFO 29016 --- [user-service] [http-nio-8082-exec-6] com.bank.user.aop.LoggingAspect          : Completed: UserController.getAllUsers(..) returned: ResponseEntity
2026-03-31T12:29:04.453+05:30  INFO 29016 --- [user-service] [http-nio-8082-exec-7] com.bank.user.aop.LoggingAspect          : Executing: UserController.getAllUsers(..) with args: [ADMIN]
2026-03-31T12:29:04.454+05:30  INFO 29016 --- [user-service] [http-nio-8082-exec-7] com.bank.user.aop.LoggingAspect          : Executing: UserService.getAllUsers() with args: []
2026-03-31T12:29:04.454+05:30  INFO 29016 --- [user-service] [http-nio-8082-exec-7] com.bank.user.service.UserService        : Fetching all users
2026-03-31T12:29:04.462+05:30  INFO 29016 --- [user-service] [http-nio-8082-exec-7] com.bank.user.aop.LoggingAspect          : Completed: UserService.getAllUsers() returned: ArrayList
2026-03-31T12:29:04.462+05:30  INFO 29016 --- [user-service] [http-nio-8082-exec-7] com.bank.user.aop.LoggingAspect          : UserService.getAllUsers() executed in 8 ms
2026-03-31T12:29:04.463+05:30  INFO 29016 --- [user-service] [http-nio-8082-exec-7] com.bank.user.aop.LoggingAspect          : Completed: UserController.getAllUsers(..) returned: ResponseEntity
2026-03-31T12:29:05.851+05:30  INFO 29016 --- [user-service] [http-nio-8082-exec-8] com.bank.user.aop.LoggingAspect          : Executing: UserController.getAllUsers(..) with args: [ADMIN]
2026-03-31T12:29:05.853+05:30  INFO 29016 --- [user-service] [http-nio-8082-exec-8] com.bank.user.aop.LoggingAspect          : Executing: UserService.getAllUsers() with args: []
2026-03-31T12:29:05.853+05:30  INFO 29016 --- [user-service] [http-nio-8082-exec-8] com.bank.user.service.UserService        : Fetching all users
2026-03-31T12:29:05.897+05:30  INFO 29016 --- [user-service] [http-nio-8082-exec-8] com.bank.user.aop.LoggingAspect          : Completed: UserService.getAllUsers() returned: ArrayList
2026-03-31T12:29:05.898+05:30  INFO 29016 --- [user-service] [http-nio-8082-exec-8] com.bank.user.aop.LoggingAspect          : UserService.getAllUsers() executed in 45 ms
2026-03-31T12:29:05.898+05:30  INFO 29016 --- [user-service] [http-nio-8082-exec-8] com.bank.user.aop.LoggingAspect          : Completed: UserController.getAllUsers(..) returned: ResponseEntity
2026-03-31T13:42:40.843+05:30  WARN 29016 --- [user-service] [HikariPool-1 housekeeper] com.zaxxer.hikari.pool.HikariPool        : HikariPool-1 - Thread starvation or clock leap detected (housekeeper delta=1h12m49s303ms907µs300ns).
2026-03-31T13:42:44.294+05:30  INFO 29016 --- [user-service] [http-nio-8082-exec-9] com.bank.user.aop.LoggingAspect          : Executing: UserController.getAllUsers(..) with args: [ADMIN]
2026-03-31T13:42:44.296+05:30  INFO 29016 --- [user-service] [http-nio-8082-exec-9] com.bank.user.aop.LoggingAspect          : Executing: UserService.getAllUsers() with args: []
2026-03-31T13:42:44.296+05:30  INFO 29016 --- [user-service] [http-nio-8082-exec-9] com.bank.user.service.UserService        : Fetching all users
2026-03-31T13:42:44.341+05:30  INFO 29016 --- [user-service] [http-nio-8082-exec-9] com.bank.user.aop.LoggingAspect          : Completed: UserService.getAllUsers() returned: ArrayList
2026-03-31T13:42:44.341+05:30  INFO 29016 --- [user-service] [http-nio-8082-exec-9] com.bank.user.aop.LoggingAspect          : UserService.getAllUsers() executed in 45 ms
2026-03-31T13:42:44.341+05:30  INFO 29016 --- [user-service] [http-nio-8082-exec-9] com.bank.user.aop.LoggingAspect          : Completed: UserController.getAllUsers(..) returned: ResponseEntity
2026-03-31T13:45:18.003+05:30  INFO 29016 --- [user-service] [AsyncResolver-bootstrap-executor-0] c.n.d.s.r.aws.ConfigClusterResolver      : Resolving eureka endpoints via configuration
2026-03-31T13:45:29.119+05:30  INFO 29016 --- [user-service] [http-nio-8082-exec-10] com.bank.user.aop.LoggingAspect          : Executing: UserController.getAllUsers(..) with args: [ADMIN]
2026-03-31T13:45:29.119+05:30  INFO 29016 --- [user-service] [http-nio-8082-exec-10] com.bank.user.aop.LoggingAspect          : Executing: UserService.getAllUsers() with args: []
2026-03-31T13:45:29.119+05:30  INFO 29016 --- [user-service] [http-nio-8082-exec-10] com.bank.user.service.UserService        : Fetching all users
2026-03-31T13:45:29.130+05:30  INFO 29016 --- [user-service] [http-nio-8082-exec-10] com.bank.user.aop.LoggingAspect          : Completed: UserService.getAllUsers() returned: ArrayList
2026-03-31T13:45:29.130+05:30  INFO 29016 --- [user-service] [http-nio-8082-exec-10] com.bank.user.aop.LoggingAspect          : UserService.getAllUsers() executed in 11 ms
2026-03-31T13:45:29.130+05:30  INFO 29016 --- [user-service] [http-nio-8082-exec-10] com.bank.user.aop.LoggingAspect          : Completed: UserController.getAllUsers(..) returned: ResponseEntity
2026-03-31T13:46:43.685+05:30  INFO 29016 --- [user-service] [http-nio-8082-exec-1] com.bank.user.aop.LoggingAspect          : Executing: UserController.getAllUsers(..) with args: [ADMIN]
2026-03-31T13:46:43.686+05:30  INFO 29016 --- [user-service] [http-nio-8082-exec-1] com.bank.user.aop.LoggingAspect          : Executing: UserService.getAllUsers() with args: []
2026-03-31T13:46:43.686+05:30  INFO 29016 --- [user-service] [http-nio-8082-exec-1] com.bank.user.service.UserService        : Fetching all users
2026-03-31T13:46:43.694+05:30  INFO 29016 --- [user-service] [http-nio-8082-exec-1] com.bank.user.aop.LoggingAspect          : Completed: UserService.getAllUsers() returned: ArrayList
2026-03-31T13:46:43.694+05:30  INFO 29016 --- [user-service] [http-nio-8082-exec-1] com.bank.user.aop.LoggingAspect          : UserService.getAllUsers() executed in 8 ms
2026-03-31T13:46:43.697+05:30  INFO 29016 --- [user-service] [http-nio-8082-exec-1] com.bank.user.aop.LoggingAspect          : Completed: UserController.getAllUsers(..) returned: ResponseEntity
2026-03-31T13:47:37.466+05:30  INFO 29016 --- [user-service] [http-nio-8082-exec-2] com.bank.user.aop.LoggingAspect          : Executing: UserController.getAllUsers(..) with args: [ADMIN]
2026-03-31T13:47:37.475+05:30  INFO 29016 --- [user-service] [http-nio-8082-exec-2] com.bank.user.aop.LoggingAspect          : Executing: UserService.getAllUsers() with args: []
2026-03-31T13:47:37.475+05:30  INFO 29016 --- [user-service] [http-nio-8082-exec-2] com.bank.user.service.UserService        : Fetching all users
2026-03-31T13:47:37.485+05:30  INFO 29016 --- [user-service] [http-nio-8082-exec-2] com.bank.user.aop.LoggingAspect          : Completed: UserService.getAllUsers() returned: ArrayList
2026-03-31T13:47:37.485+05:30  INFO 29016 --- [user-service] [http-nio-8082-exec-2] com.bank.user.aop.LoggingAspect          : UserService.getAllUsers() executed in 10 ms
2026-03-31T13:47:37.485+05:30  INFO 29016 --- [user-service] [http-nio-8082-exec-2] com.bank.user.aop.LoggingAspect          : Completed: UserController.getAllUsers(..) returned: ResponseEntity
2026-03-31T13:48:15.849+05:30  INFO 29016 --- [user-service] [http-nio-8082-exec-3] com.bank.user.aop.LoggingAspect          : Executing: UserController.getAllUsers(..) with args: [ADMIN]
2026-03-31T13:48:15.855+05:30  INFO 29016 --- [user-service] [http-nio-8082-exec-3] com.bank.user.aop.LoggingAspect          : Executing: UserService.getAllUsers() with args: []
2026-03-31T13:48:15.855+05:30  INFO 29016 --- [user-service] [http-nio-8082-exec-3] com.bank.user.service.UserService        : Fetching all users
2026-03-31T13:48:15.868+05:30  INFO 29016 --- [user-service] [http-nio-8082-exec-3] com.bank.user.aop.LoggingAspect          : Completed: UserService.getAllUsers() returned: ArrayList
2026-03-31T13:48:15.868+05:30  INFO 29016 --- [user-service] [http-nio-8082-exec-3] com.bank.user.aop.LoggingAspect          : UserService.getAllUsers() executed in 13 ms
2026-03-31T13:48:15.868+05:30  INFO 29016 --- [user-service] [http-nio-8082-exec-3] com.bank.user.aop.LoggingAspect          : Completed: UserController.getAllUsers(..) returned: ResponseEntity
2026-03-31T13:48:24.999+05:30  INFO 29016 --- [user-service] [http-nio-8082-exec-4] com.bank.user.aop.LoggingAspect          : Executing: UserController.getAllUsers(..) with args: [ADMIN]
2026-03-31T13:48:24.999+05:30  INFO 29016 --- [user-service] [http-nio-8082-exec-4] com.bank.user.aop.LoggingAspect          : Executing: UserService.getAllUsers() with args: []
2026-03-31T13:48:24.999+05:30  INFO 29016 --- [user-service] [http-nio-8082-exec-4] com.bank.user.service.UserService        : Fetching all users
2026-03-31T13:48:25.011+05:30  INFO 29016 --- [user-service] [http-nio-8082-exec-4] com.bank.user.aop.LoggingAspect          : Completed: UserService.getAllUsers() returned: ArrayList
2026-03-31T13:48:25.011+05:30  INFO 29016 --- [user-service] [http-nio-8082-exec-4] com.bank.user.aop.LoggingAspect          : UserService.getAllUsers() executed in 12 ms
2026-03-31T13:48:25.011+05:30  INFO 29016 --- [user-service] [http-nio-8082-exec-4] com.bank.user.aop.LoggingAspect          : Completed: UserController.getAllUsers(..) returned: ResponseEntity
2026-03-31T13:49:14.748+05:30  INFO 29016 --- [user-service] [http-nio-8082-exec-5] com.bank.user.aop.LoggingAspect          : Executing: UserController.getAllUsers(..) with args: [ADMIN]
2026-03-31T13:49:14.753+05:30  INFO 29016 --- [user-service] [http-nio-8082-exec-5] com.bank.user.aop.LoggingAspect          : Executing: UserService.getAllUsers() with args: []
2026-03-31T13:49:14.753+05:30  INFO 29016 --- [user-service] [http-nio-8082-exec-5] com.bank.user.service.UserService        : Fetching all users
2026-03-31T13:49:14.760+05:30  INFO 29016 --- [user-service] [http-nio-8082-exec-5] com.bank.user.aop.LoggingAspect          : Completed: UserService.getAllUsers() returned: ArrayList
2026-03-31T13:49:14.760+05:30  INFO 29016 --- [user-service] [http-nio-8082-exec-5] com.bank.user.aop.LoggingAspect          : UserService.getAllUsers() executed in 7 ms
2026-03-31T13:49:14.760+05:30  INFO 29016 --- [user-service] [http-nio-8082-exec-5] com.bank.user.aop.LoggingAspect          : Completed: UserController.getAllUsers(..) returned: ResponseEntity
2026-03-31T13:50:09.696+05:30  INFO 29016 --- [user-service] [http-nio-8082-exec-6] com.bank.user.aop.LoggingAspect          : Executing: UserController.getAllUsers(..) with args: [ADMIN]
2026-03-31T13:50:09.698+05:30  INFO 29016 --- [user-service] [http-nio-8082-exec-6] com.bank.user.aop.LoggingAspect          : Executing: UserService.getAllUsers() with args: []
2026-03-31T13:50:09.698+05:30  INFO 29016 --- [user-service] [http-nio-8082-exec-6] com.bank.user.service.UserService        : Fetching all users
2026-03-31T13:50:09.734+05:30  INFO 29016 --- [user-service] [http-nio-8082-exec-6] com.bank.user.aop.LoggingAspect          : Completed: UserService.getAllUsers() returned: ArrayList
2026-03-31T13:50:09.736+05:30  INFO 29016 --- [user-service] [http-nio-8082-exec-6] com.bank.user.aop.LoggingAspect          : UserService.getAllUsers() executed in 38 ms
2026-03-31T13:50:09.736+05:30  INFO 29016 --- [user-service] [http-nio-8082-exec-6] com.bank.user.aop.LoggingAspect          : Completed: UserController.getAllUsers(..) returned: ResponseEntity
2026-03-31T13:50:18.019+05:30  INFO 29016 --- [user-service] [AsyncResolver-bootstrap-executor-0] c.n.d.s.r.aws.ConfigClusterResolver      : Resolving eureka endpoints via configuration
2026-03-31T13:52:16.340+05:30  INFO 29016 --- [user-service] [http-nio-8082-exec-7] com.bank.user.aop.LoggingAspect          : Executing: UserController.getAllUsers(..) with args: [ADMIN]
2026-03-31T13:52:16.341+05:30  INFO 29016 --- [user-service] [http-nio-8082-exec-7] com.bank.user.aop.LoggingAspect          : Executing: UserService.getAllUsers() with args: []
2026-03-31T13:52:16.341+05:30  INFO 29016 --- [user-service] [http-nio-8082-exec-7] com.bank.user.service.UserService        : Fetching all users
2026-03-31T13:52:16.356+05:30  INFO 29016 --- [user-service] [http-nio-8082-exec-7] com.bank.user.aop.LoggingAspect          : Completed: UserService.getAllUsers() returned: ArrayList
2026-03-31T13:52:16.356+05:30  INFO 29016 --- [user-service] [http-nio-8082-exec-7] com.bank.user.aop.LoggingAspect          : UserService.getAllUsers() executed in 15 ms
2026-03-31T13:52:16.357+05:30  INFO 29016 --- [user-service] [http-nio-8082-exec-7] com.bank.user.aop.LoggingAspect          : Completed: UserController.getAllUsers(..) returned: ResponseEntity
2026-03-31T13:52:36.558+05:30  INFO 29016 --- [user-service] [http-nio-8082-exec-8] com.bank.user.aop.LoggingAspect          : Executing: UserController.getAllUsers(..) with args: [ADMIN]
2026-03-31T13:52:36.560+05:30  INFO 29016 --- [user-service] [http-nio-8082-exec-8] com.bank.user.aop.LoggingAspect          : Executing: UserService.getAllUsers() with args: []
2026-03-31T13:52:36.560+05:30  INFO 29016 --- [user-service] [http-nio-8082-exec-8] com.bank.user.service.UserService        : Fetching all users
2026-03-31T13:52:36.572+05:30  INFO 29016 --- [user-service] [http-nio-8082-exec-8] com.bank.user.aop.LoggingAspect          : Completed: UserService.getAllUsers() returned: ArrayList
2026-03-31T13:52:36.572+05:30  INFO 29016 --- [user-service] [http-nio-8082-exec-8] com.bank.user.aop.LoggingAspect          : UserService.getAllUsers() executed in 12 ms
2026-03-31T13:52:36.574+05:30  INFO 29016 --- [user-service] [http-nio-8082-exec-8] com.bank.user.aop.LoggingAspect          : Completed: UserController.getAllUsers(..) returned: ResponseEntity
2026-03-31T13:53:16.673+05:30  INFO 29016 --- [user-service] [http-nio-8082-exec-9] com.bank.user.aop.LoggingAspect          : Executing: UserController.createUser(..) with args: [UserDTO(firstName=User40, lastName=Generated, email=user40@securebank.com, phone=0000000000)]
2026-03-31T13:53:16.675+05:30  INFO 29016 --- [user-service] [http-nio-8082-exec-9] com.bank.user.aop.LoggingAspect          : Executing: UserService.createUser(..) with args: [UserDTO(firstName=User40, lastName=Generated, email=user40@securebank.com, phone=0000000000)]
2026-03-31T13:53:16.675+05:30  INFO 29016 --- [user-service] [http-nio-8082-exec-9] com.bank.user.service.UserService        : Creating user: user40@securebank.com
2026-03-31T13:53:16.992+05:30  INFO 29016 --- [user-service] [http-nio-8082-exec-9] com.bank.user.aop.LoggingAspect          : Completed: UserService.createUser(..) returned: User
2026-03-31T13:53:16.992+05:30  INFO 29016 --- [user-service] [http-nio-8082-exec-9] com.bank.user.aop.LoggingAspect          : UserService.createUser(..) executed in 319 ms
2026-03-31T13:53:16.992+05:30  INFO 29016 --- [user-service] [http-nio-8082-exec-9] com.bank.user.aop.LoggingAspect          : Completed: UserController.createUser(..) returned: ResponseEntity
2026-03-31T13:53:18.696+05:30  INFO 29016 --- [user-service] [http-nio-8082-exec-10] com.bank.user.aop.LoggingAspect          : Executing: UserController.getAllUsers(..) with args: [ADMIN]
2026-03-31T13:53:18.696+05:30  INFO 29016 --- [user-service] [http-nio-8082-exec-10] com.bank.user.aop.LoggingAspect          : Executing: UserService.getAllUsers() with args: []
2026-03-31T13:53:18.696+05:30  INFO 29016 --- [user-service] [http-nio-8082-exec-10] com.bank.user.service.UserService        : Fetching all users
2026-03-31T13:53:18.709+05:30  INFO 29016 --- [user-service] [http-nio-8082-exec-10] com.bank.user.aop.LoggingAspect          : Completed: UserService.getAllUsers() returned: ArrayList
2026-03-31T13:53:18.709+05:30  INFO 29016 --- [user-service] [http-nio-8082-exec-10] com.bank.user.aop.LoggingAspect          : UserService.getAllUsers() executed in 13 ms
2026-03-31T13:53:18.709+05:30  INFO 29016 --- [user-service] [http-nio-8082-exec-10] com.bank.user.aop.LoggingAspect          : Completed: UserController.getAllUsers(..) returned: ResponseEntity
2026-03-31T13:54:10.765+05:30  INFO 29016 --- [user-service] [http-nio-8082-exec-1] com.bank.user.aop.LoggingAspect          : Executing: UserController.getAllUsers(..) with args: [ADMIN]
2026-03-31T13:54:10.765+05:30  INFO 29016 --- [user-service] [http-nio-8082-exec-1] com.bank.user.aop.LoggingAspect          : Executing: UserService.getAllUsers() with args: []
2026-03-31T13:54:10.765+05:30  INFO 29016 --- [user-service] [http-nio-8082-exec-1] com.bank.user.service.UserService        : Fetching all users
2026-03-31T13:54:10.773+05:30  INFO 29016 --- [user-service] [http-nio-8082-exec-1] com.bank.user.aop.LoggingAspect          : Completed: UserService.getAllUsers() returned: ArrayList
2026-03-31T13:54:10.773+05:30  INFO 29016 --- [user-service] [http-nio-8082-exec-1] com.bank.user.aop.LoggingAspect          : UserService.getAllUsers() executed in 8 ms
2026-03-31T13:54:10.773+05:30  INFO 29016 --- [user-service] [http-nio-8082-exec-1] com.bank.user.aop.LoggingAspect          : Completed: UserController.getAllUsers(..) returned: ResponseEntity
2026-03-31T13:54:24.930+05:30  INFO 29016 --- [user-service] [http-nio-8082-exec-3] com.bank.user.aop.LoggingAspect          : Executing: UserController.getAllUsers(..) with args: [ADMIN]
2026-03-31T13:54:24.931+05:30  INFO 29016 --- [user-service] [http-nio-8082-exec-3] com.bank.user.aop.LoggingAspect          : Executing: UserService.getAllUsers() with args: []
2026-03-31T13:54:24.931+05:30  INFO 29016 --- [user-service] [http-nio-8082-exec-3] com.bank.user.service.UserService        : Fetching all users
2026-03-31T13:54:24.946+05:30  INFO 29016 --- [user-service] [http-nio-8082-exec-3] com.bank.user.aop.LoggingAspect          : Completed: UserService.getAllUsers() returned: ArrayList
2026-03-31T13:54:24.946+05:30  INFO 29016 --- [user-service] [http-nio-8082-exec-3] com.bank.user.aop.LoggingAspect          : UserService.getAllUsers() executed in 15 ms
2026-03-31T13:54:24.946+05:30  INFO 29016 --- [user-service] [http-nio-8082-exec-3] com.bank.user.aop.LoggingAspect          : Completed: UserController.getAllUsers(..) returned: ResponseEntity
2026-03-31T13:55:18.032+05:30  INFO 29016 --- [user-service] [AsyncResolver-bootstrap-executor-0] c.n.d.s.r.aws.ConfigClusterResolver      : Resolving eureka endpoints via configuration
2026-03-31T13:55:21.799+05:30  INFO 29016 --- [user-service] [http-nio-8082-exec-4] com.bank.user.aop.LoggingAspect          : Executing: UserController.getAllUsers(..) with args: [ADMIN]
2026-03-31T13:55:21.800+05:30  INFO 29016 --- [user-service] [http-nio-8082-exec-4] com.bank.user.aop.LoggingAspect          : Executing: UserService.getAllUsers() with args: []
2026-03-31T13:55:21.800+05:30  INFO 29016 --- [user-service] [http-nio-8082-exec-4] com.bank.user.service.UserService        : Fetching all users
2026-03-31T13:55:21.810+05:30  INFO 29016 --- [user-service] [http-nio-8082-exec-4] com.bank.user.aop.LoggingAspect          : Completed: UserService.getAllUsers() returned: ArrayList
2026-03-31T13:55:21.810+05:30  INFO 29016 --- [user-service] [http-nio-8082-exec-4] com.bank.user.aop.LoggingAspect          : UserService.getAllUsers() executed in 10 ms
2026-03-31T13:55:21.810+05:30  INFO 29016 --- [user-service] [http-nio-8082-exec-4] com.bank.user.aop.LoggingAspect          : Completed: UserController.getAllUsers(..) returned: ResponseEntity
2026-03-31T13:57:09.918+05:30  INFO 29016 --- [user-service] [http-nio-8082-exec-5] com.bank.user.aop.LoggingAspect          : Executing: UserController.getAllUsers(..) with args: [ADMIN]
2026-03-31T13:57:09.920+05:30  INFO 29016 --- [user-service] [http-nio-8082-exec-5] com.bank.user.aop.LoggingAspect          : Executing: UserService.getAllUsers() with args: []
2026-03-31T13:57:09.920+05:30  INFO 29016 --- [user-service] [http-nio-8082-exec-5] com.bank.user.service.UserService        : Fetching all users
2026-03-31T13:57:09.930+05:30  INFO 29016 --- [user-service] [http-nio-8082-exec-5] com.bank.user.aop.LoggingAspect          : Completed: UserService.getAllUsers() returned: ArrayList
2026-03-31T13:57:09.930+05:30  INFO 29016 --- [user-service] [http-nio-8082-exec-5] com.bank.user.aop.LoggingAspect          : UserService.getAllUsers() executed in 10 ms
2026-03-31T13:57:09.930+05:30  INFO 29016 --- [user-service] [http-nio-8082-exec-5] com.bank.user.aop.LoggingAspect          : Completed: UserController.getAllUsers(..) returned: ResponseEntity
2026-03-31T13:57:34.811+05:30  INFO 29016 --- [user-service] [http-nio-8082-exec-6] com.bank.user.aop.LoggingAspect          : Executing: UserController.getAllUsers(..) with args: [ADMIN]
2026-03-31T13:57:34.815+05:30  INFO 29016 --- [user-service] [http-nio-8082-exec-6] com.bank.user.aop.LoggingAspect          : Executing: UserService.getAllUsers() with args: []
2026-03-31T13:57:34.815+05:30  INFO 29016 --- [user-service] [http-nio-8082-exec-6] com.bank.user.service.UserService        : Fetching all users
2026-03-31T13:57:34.825+05:30  INFO 29016 --- [user-service] [http-nio-8082-exec-6] com.bank.user.aop.LoggingAspect          : Completed: UserService.getAllUsers() returned: ArrayList
2026-03-31T13:57:34.825+05:30  INFO 29016 --- [user-service] [http-nio-8082-exec-6] com.bank.user.aop.LoggingAspect          : UserService.getAllUsers() executed in 10 ms
2026-03-31T13:57:34.826+05:30  INFO 29016 --- [user-service] [http-nio-8082-exec-6] com.bank.user.aop.LoggingAspect          : Completed: UserController.getAllUsers(..) returned: ResponseEntity
2026-03-31T13:59:44.754+05:30  INFO 29016 --- [user-service] [http-nio-8082-exec-7] com.bank.user.aop.LoggingAspect          : Executing: UserController.getAllUsers(..) with args: [ADMIN]
2026-03-31T13:59:44.754+05:30  INFO 29016 --- [user-service] [http-nio-8082-exec-7] com.bank.user.aop.LoggingAspect          : Executing: UserService.getAllUsers() with args: []
2026-03-31T13:59:44.754+05:30  INFO 29016 --- [user-service] [http-nio-8082-exec-7] com.bank.user.service.UserService        : Fetching all users
2026-03-31T13:59:44.769+05:30  INFO 29016 --- [user-service] [http-nio-8082-exec-7] com.bank.user.aop.LoggingAspect          : Completed: UserService.getAllUsers() returned: ArrayList
2026-03-31T13:59:44.769+05:30  INFO 29016 --- [user-service] [http-nio-8082-exec-7] com.bank.user.aop.LoggingAspect          : UserService.getAllUsers() executed in 15 ms
2026-03-31T13:59:44.769+05:30  INFO 29016 --- [user-service] [http-nio-8082-exec-7] com.bank.user.aop.LoggingAspect          : Completed: UserController.getAllUsers(..) returned: ResponseEntity
2026-03-31T13:59:45.094+05:30  INFO 29016 --- [user-service] [http-nio-8082-exec-8] com.bank.user.aop.LoggingAspect          : Executing: UserController.getAllUsers(..) with args: [ADMIN]
2026-03-31T13:59:45.094+05:30  INFO 29016 --- [user-service] [http-nio-8082-exec-8] com.bank.user.aop.LoggingAspect          : Executing: UserService.getAllUsers() with args: []
2026-03-31T13:59:45.094+05:30  INFO 29016 --- [user-service] [http-nio-8082-exec-8] com.bank.user.service.UserService        : Fetching all users
2026-03-31T13:59:45.107+05:30  INFO 29016 --- [user-service] [http-nio-8082-exec-8] com.bank.user.aop.LoggingAspect          : Completed: UserService.getAllUsers() returned: ArrayList
2026-03-31T13:59:45.107+05:30  INFO 29016 --- [user-service] [http-nio-8082-exec-8] com.bank.user.aop.LoggingAspect          : UserService.getAllUsers() executed in 13 ms
2026-03-31T13:59:45.107+05:30  INFO 29016 --- [user-service] [http-nio-8082-exec-8] com.bank.user.aop.LoggingAspect          : Completed: UserController.getAllUsers(..) returned: ResponseEntity
2026-03-31T14:00:18.034+05:30  INFO 29016 --- [user-service] [AsyncResolver-bootstrap-executor-0] c.n.d.s.r.aws.ConfigClusterResolver      : Resolving eureka endpoints via configuration
2026-03-31T14:01:25.880+05:30  INFO 29016 --- [user-service] [http-nio-8082-exec-9] com.bank.user.aop.LoggingAspect          : Executing: UserController.getAllUsers(..) with args: [ADMIN]
2026-03-31T14:01:25.882+05:30  INFO 29016 --- [user-service] [http-nio-8082-exec-9] com.bank.user.aop.LoggingAspect          : Executing: UserService.getAllUsers() with args: []
2026-03-31T14:01:25.882+05:30  INFO 29016 --- [user-service] [http-nio-8082-exec-9] com.bank.user.service.UserService        : Fetching all users
2026-03-31T14:01:25.891+05:30  INFO 29016 --- [user-service] [http-nio-8082-exec-9] com.bank.user.aop.LoggingAspect          : Completed: UserService.getAllUsers() returned: ArrayList
2026-03-31T14:01:25.891+05:30  INFO 29016 --- [user-service] [http-nio-8082-exec-9] com.bank.user.aop.LoggingAspect          : UserService.getAllUsers() executed in 9 ms
2026-03-31T14:01:25.891+05:30  INFO 29016 --- [user-service] [http-nio-8082-exec-9] com.bank.user.aop.LoggingAspect          : Completed: UserController.getAllUsers(..) returned: ResponseEntity
2026-03-31T14:01:34.448+05:30  INFO 29016 --- [user-service] [http-nio-8082-exec-10] com.bank.user.aop.LoggingAspect          : Executing: UserController.getAllUsers(..) with args: [ADMIN]
2026-03-31T14:01:34.448+05:30  INFO 29016 --- [user-service] [http-nio-8082-exec-10] com.bank.user.aop.LoggingAspect          : Executing: UserService.getAllUsers() with args: []
2026-03-31T14:01:34.448+05:30  INFO 29016 --- [user-service] [http-nio-8082-exec-10] com.bank.user.service.UserService        : Fetching all users
2026-03-31T14:01:34.459+05:30  INFO 29016 --- [user-service] [http-nio-8082-exec-10] com.bank.user.aop.LoggingAspect          : Completed: UserService.getAllUsers() returned: ArrayList
2026-03-31T14:01:34.459+05:30  INFO 29016 --- [user-service] [http-nio-8082-exec-10] com.bank.user.aop.LoggingAspect          : UserService.getAllUsers() executed in 11 ms
2026-03-31T14:01:34.460+05:30  INFO 29016 --- [user-service] [http-nio-8082-exec-10] com.bank.user.aop.LoggingAspect          : Completed: UserController.getAllUsers(..) returned: ResponseEntity
2026-03-31T14:01:34.813+05:30  INFO 29016 --- [user-service] [http-nio-8082-exec-1] com.bank.user.aop.LoggingAspect          : Executing: UserController.getAllUsers(..) with args: [ADMIN]
2026-03-31T14:01:34.814+05:30  INFO 29016 --- [user-service] [http-nio-8082-exec-1] com.bank.user.aop.LoggingAspect          : Executing: UserService.getAllUsers() with args: []
2026-03-31T14:01:34.814+05:30  INFO 29016 --- [user-service] [http-nio-8082-exec-1] com.bank.user.service.UserService        : Fetching all users
2026-03-31T14:01:34.821+05:30  INFO 29016 --- [user-service] [http-nio-8082-exec-1] com.bank.user.aop.LoggingAspect          : Completed: UserService.getAllUsers() returned: ArrayList
2026-03-31T14:01:34.821+05:30  INFO 29016 --- [user-service] [http-nio-8082-exec-1] com.bank.user.aop.LoggingAspect          : UserService.getAllUsers() executed in 7 ms
2026-03-31T14:01:34.822+05:30  INFO 29016 --- [user-service] [http-nio-8082-exec-1] com.bank.user.aop.LoggingAspect          : Completed: UserController.getAllUsers(..) returned: ResponseEntity
2026-03-31T14:01:35.975+05:30  INFO 29016 --- [user-service] [http-nio-8082-exec-2] com.bank.user.aop.LoggingAspect          : Executing: UserController.getAllUsers(..) with args: [ADMIN]
2026-03-31T14:01:35.976+05:30  INFO 29016 --- [user-service] [http-nio-8082-exec-2] com.bank.user.aop.LoggingAspect          : Executing: UserService.getAllUsers() with args: []
2026-03-31T14:01:35.976+05:30  INFO 29016 --- [user-service] [http-nio-8082-exec-2] com.bank.user.service.UserService        : Fetching all users
2026-03-31T14:01:35.989+05:30  INFO 29016 --- [user-service] [http-nio-8082-exec-2] com.bank.user.aop.LoggingAspect          : Completed: UserService.getAllUsers() returned: ArrayList
2026-03-31T14:01:35.989+05:30  INFO 29016 --- [user-service] [http-nio-8082-exec-2] com.bank.user.aop.LoggingAspect          : UserService.getAllUsers() executed in 13 ms
2026-03-31T14:01:35.989+05:30  INFO 29016 --- [user-service] [http-nio-8082-exec-2] com.bank.user.aop.LoggingAspect          : Completed: UserController.getAllUsers(..) returned: ResponseEntity
2026-03-31T14:03:01.374+05:30  INFO 29016 --- [user-service] [http-nio-8082-exec-3] com.bank.user.aop.LoggingAspect          : Executing: UserController.getAllUsers(..) with args: [ADMIN]
2026-03-31T14:03:01.374+05:30  INFO 29016 --- [user-service] [http-nio-8082-exec-3] com.bank.user.aop.LoggingAspect          : Executing: UserService.getAllUsers() with args: []
2026-03-31T14:03:01.374+05:30  INFO 29016 --- [user-service] [http-nio-8082-exec-3] com.bank.user.service.UserService        : Fetching all users
2026-03-31T14:03:01.380+05:30  INFO 29016 --- [user-service] [http-nio-8082-exec-3] com.bank.user.aop.LoggingAspect          : Completed: UserService.getAllUsers() returned: ArrayList
2026-03-31T14:03:01.380+05:30  INFO 29016 --- [user-service] [http-nio-8082-exec-3] com.bank.user.aop.LoggingAspect          : UserService.getAllUsers() executed in 6 ms
2026-03-31T14:03:01.380+05:30  INFO 29016 --- [user-service] [http-nio-8082-exec-3] com.bank.user.aop.LoggingAspect          : Completed: UserController.getAllUsers(..) returned: ResponseEntity
2026-03-31T14:03:02.033+05:30  INFO 29016 --- [user-service] [http-nio-8082-exec-4] com.bank.user.aop.LoggingAspect          : Executing: UserController.getAllUsers(..) with args: [ADMIN]
2026-03-31T14:03:02.033+05:30  INFO 29016 --- [user-service] [http-nio-8082-exec-4] com.bank.user.aop.LoggingAspect          : Executing: UserService.getAllUsers() with args: []
2026-03-31T14:03:02.033+05:30  INFO 29016 --- [user-service] [http-nio-8082-exec-4] com.bank.user.service.UserService        : Fetching all users
2026-03-31T14:03:02.043+05:30  INFO 29016 --- [user-service] [http-nio-8082-exec-4] com.bank.user.aop.LoggingAspect          : Completed: UserService.getAllUsers() returned: ArrayList
2026-03-31T14:03:02.043+05:30  INFO 29016 --- [user-service] [http-nio-8082-exec-4] com.bank.user.aop.LoggingAspect          : UserService.getAllUsers() executed in 10 ms
2026-03-31T14:03:02.043+05:30  INFO 29016 --- [user-service] [http-nio-8082-exec-4] com.bank.user.aop.LoggingAspect          : Completed: UserController.getAllUsers(..) returned: ResponseEntity
2026-03-31T14:03:10.858+05:30  INFO 29016 --- [user-service] [http-nio-8082-exec-5] com.bank.user.aop.LoggingAspect          : Executing: UserController.getAllUsers(..) with args: [ADMIN]
2026-03-31T14:03:10.858+05:30  INFO 29016 --- [user-service] [http-nio-8082-exec-5] com.bank.user.aop.LoggingAspect          : Executing: UserService.getAllUsers() with args: []
2026-03-31T14:03:10.858+05:30  INFO 29016 --- [user-service] [http-nio-8082-exec-5] com.bank.user.service.UserService        : Fetching all users
2026-03-31T14:03:10.881+05:30  INFO 29016 --- [user-service] [http-nio-8082-exec-5] com.bank.user.aop.LoggingAspect          : Completed: UserService.getAllUsers() returned: ArrayList
2026-03-31T14:03:10.881+05:30  INFO 29016 --- [user-service] [http-nio-8082-exec-5] com.bank.user.aop.LoggingAspect          : UserService.getAllUsers() executed in 23 ms
2026-03-31T14:03:10.881+05:30  INFO 29016 --- [user-service] [http-nio-8082-exec-5] com.bank.user.aop.LoggingAspect          : Completed: UserController.getAllUsers(..) returned: ResponseEntity
2026-03-31T14:03:13.989+05:30  INFO 29016 --- [user-service] [http-nio-8082-exec-6] com.bank.user.aop.LoggingAspect          : Executing: UserController.getAllUsers(..) with args: [ADMIN]
2026-03-31T14:03:13.994+05:30  INFO 29016 --- [user-service] [http-nio-8082-exec-6] com.bank.user.aop.LoggingAspect          : Executing: UserService.getAllUsers() with args: []
2026-03-31T14:03:13.994+05:30  INFO 29016 --- [user-service] [http-nio-8082-exec-6] com.bank.user.service.UserService        : Fetching all users
2026-03-31T14:03:14.010+05:30  INFO 29016 --- [user-service] [http-nio-8082-exec-6] com.bank.user.aop.LoggingAspect          : Completed: UserService.getAllUsers() returned: ArrayList
2026-03-31T14:03:14.010+05:30  INFO 29016 --- [user-service] [http-nio-8082-exec-6] com.bank.user.aop.LoggingAspect          : UserService.getAllUsers() executed in 16 ms
2026-03-31T14:03:14.010+05:30  INFO 29016 --- [user-service] [http-nio-8082-exec-6] com.bank.user.aop.LoggingAspect          : Completed: UserController.getAllUsers(..) returned: ResponseEntity
2026-03-31T14:03:14.331+05:30  INFO 29016 --- [user-service] [http-nio-8082-exec-7] com.bank.user.aop.LoggingAspect          : Executing: UserController.getAllUsers(..) with args: [ADMIN]
2026-03-31T14:03:14.331+05:30  INFO 29016 --- [user-service] [http-nio-8082-exec-7] com.bank.user.aop.LoggingAspect          : Executing: UserService.getAllUsers() with args: []
2026-03-31T14:03:14.332+05:30  INFO 29016 --- [user-service] [http-nio-8082-exec-7] com.bank.user.service.UserService        : Fetching all users
2026-03-31T14:03:14.332+05:30  INFO 29016 --- [user-service] [http-nio-8082-exec-7] com.bank.user.aop.LoggingAspect          : Completed: UserService.getAllUsers() returned: ArrayList
2026-03-31T14:03:14.332+05:30  INFO 29016 --- [user-service] [http-nio-8082-exec-7] com.bank.user.aop.LoggingAspect          : UserService.getAllUsers() executed in 1 ms
2026-03-31T14:03:14.332+05:30  INFO 29016 --- [user-service] [http-nio-8082-exec-7] com.bank.user.aop.LoggingAspect          : Completed: UserController.getAllUsers(..) returned: ResponseEntity
2026-03-31T14:03:18.324+05:30  INFO 29016 --- [user-service] [http-nio-8082-exec-8] com.bank.user.aop.LoggingAspect          : Executing: UserController.getAllUsers(..) with args: [ADMIN]
2026-03-31T14:03:18.324+05:30  INFO 29016 --- [user-service] [http-nio-8082-exec-8] com.bank.user.aop.LoggingAspect          : Executing: UserService.getAllUsers() with args: []
2026-03-31T14:03:18.324+05:30  INFO 29016 --- [user-service] [http-nio-8082-exec-8] com.bank.user.service.UserService        : Fetching all users
2026-03-31T14:03:18.329+05:30  INFO 29016 --- [user-service] [http-nio-8082-exec-8] com.bank.user.aop.LoggingAspect          : Completed: UserService.getAllUsers() returned: ArrayList
2026-03-31T14:03:18.330+05:30  INFO 29016 --- [user-service] [http-nio-8082-exec-8] com.bank.user.aop.LoggingAspect          : UserService.getAllUsers() executed in 6 ms
2026-03-31T14:03:18.330+05:30  INFO 29016 --- [user-service] [http-nio-8082-exec-8] com.bank.user.aop.LoggingAspect          : Completed: UserController.getAllUsers(..) returned: ResponseEntity
2026-03-31T14:03:19.251+05:30  INFO 29016 --- [user-service] [http-nio-8082-exec-9] com.bank.user.aop.LoggingAspect          : Executing: UserController.getAllUsers(..) with args: [ADMIN]
2026-03-31T14:03:19.251+05:30  INFO 29016 --- [user-service] [http-nio-8082-exec-9] com.bank.user.aop.LoggingAspect          : Executing: UserService.getAllUsers() with args: []
2026-03-31T14:03:19.251+05:30  INFO 29016 --- [user-service] [http-nio-8082-exec-9] com.bank.user.service.UserService        : Fetching all users
2026-03-31T14:03:19.264+05:30  INFO 29016 --- [user-service] [http-nio-8082-exec-9] com.bank.user.aop.LoggingAspect          : Completed: UserService.getAllUsers() returned: ArrayList
2026-03-31T14:03:19.264+05:30  INFO 29016 --- [user-service] [http-nio-8082-exec-9] com.bank.user.aop.LoggingAspect          : UserService.getAllUsers() executed in 13 ms
2026-03-31T14:03:19.264+05:30  INFO 29016 --- [user-service] [http-nio-8082-exec-9] com.bank.user.aop.LoggingAspect          : Completed: UserController.getAllUsers(..) returned: ResponseEntity
2026-03-31T14:03:19.273+05:30  INFO 29016 --- [user-service] [http-nio-8082-exec-10] com.bank.user.aop.LoggingAspect          : Executing: UserController.getAllUsers(..) with args: [ADMIN]
2026-03-31T14:03:19.273+05:30  INFO 29016 --- [user-service] [http-nio-8082-exec-10] com.bank.user.aop.LoggingAspect          : Executing: UserService.getAllUsers() with args: []
2026-03-31T14:03:19.273+05:30  INFO 29016 --- [user-service] [http-nio-8082-exec-10] com.bank.user.service.UserService        : Fetching all users
2026-03-31T14:03:19.280+05:30  INFO 29016 --- [user-service] [http-nio-8082-exec-10] com.bank.user.aop.LoggingAspect          : Completed: UserService.getAllUsers() returned: ArrayList
2026-03-31T14:03:19.280+05:30  INFO 29016 --- [user-service] [http-nio-8082-exec-10] com.bank.user.aop.LoggingAspect          : UserService.getAllUsers() executed in 7 ms
2026-03-31T14:03:19.281+05:30  INFO 29016 --- [user-service] [http-nio-8082-exec-10] com.bank.user.aop.LoggingAspect          : Completed: UserController.getAllUsers(..) returned: ResponseEntity
2026-03-31T14:03:50.406+05:30  INFO 29016 --- [user-service] [http-nio-8082-exec-1] com.bank.user.aop.LoggingAspect          : Executing: UserController.getAllUsers(..) with args: [ADMIN]
2026-03-31T14:03:50.407+05:30  INFO 29016 --- [user-service] [http-nio-8082-exec-1] com.bank.user.aop.LoggingAspect          : Executing: UserService.getAllUsers() with args: []
2026-03-31T14:03:50.407+05:30  INFO 29016 --- [user-service] [http-nio-8082-exec-1] com.bank.user.service.UserService        : Fetching all users
2026-03-31T14:03:50.414+05:30  INFO 29016 --- [user-service] [http-nio-8082-exec-1] com.bank.user.aop.LoggingAspect          : Completed: UserService.getAllUsers() returned: ArrayList
2026-03-31T14:03:50.414+05:30  INFO 29016 --- [user-service] [http-nio-8082-exec-1] com.bank.user.aop.LoggingAspect          : UserService.getAllUsers() executed in 7 ms
2026-03-31T14:03:50.415+05:30  INFO 29016 --- [user-service] [http-nio-8082-exec-1] com.bank.user.aop.LoggingAspect          : Completed: UserController.getAllUsers(..) returned: ResponseEntity
2026-03-31T14:04:04.924+05:30  INFO 29016 --- [user-service] [http-nio-8082-exec-2] com.bank.user.aop.LoggingAspect          : Executing: UserController.getAllUsers(..) with args: [ADMIN]
2026-03-31T14:04:04.924+05:30  INFO 29016 --- [user-service] [http-nio-8082-exec-2] com.bank.user.aop.LoggingAspect          : Executing: UserService.getAllUsers() with args: []
2026-03-31T14:04:04.924+05:30  INFO 29016 --- [user-service] [http-nio-8082-exec-2] com.bank.user.service.UserService        : Fetching all users
2026-03-31T14:04:04.936+05:30  INFO 29016 --- [user-service] [http-nio-8082-exec-2] com.bank.user.aop.LoggingAspect          : Completed: UserService.getAllUsers() returned: ArrayList
2026-03-31T14:04:04.936+05:30  INFO 29016 --- [user-service] [http-nio-8082-exec-2] com.bank.user.aop.LoggingAspect          : UserService.getAllUsers() executed in 12 ms
2026-03-31T14:04:04.936+05:30  INFO 29016 --- [user-service] [http-nio-8082-exec-2] com.bank.user.aop.LoggingAspect          : Completed: UserController.getAllUsers(..) returned: ResponseEntity
2026-03-31T14:04:32.027+05:30  INFO 29016 --- [user-service] [http-nio-8082-exec-3] com.bank.user.aop.LoggingAspect          : Executing: UserController.getAllUsers(..) with args: [ADMIN]
2026-03-31T14:04:32.034+05:30  INFO 29016 --- [user-service] [http-nio-8082-exec-3] com.bank.user.aop.LoggingAspect          : Executing: UserService.getAllUsers() with args: []
2026-03-31T14:04:32.035+05:30  INFO 29016 --- [user-service] [http-nio-8082-exec-3] com.bank.user.service.UserService        : Fetching all users
2026-03-31T14:04:32.039+05:30  INFO 29016 --- [user-service] [http-nio-8082-exec-3] com.bank.user.aop.LoggingAspect          : Completed: UserService.getAllUsers() returned: ArrayList
2026-03-31T14:04:32.043+05:30  INFO 29016 --- [user-service] [http-nio-8082-exec-3] com.bank.user.aop.LoggingAspect          : UserService.getAllUsers() executed in 9 ms
2026-03-31T14:04:32.043+05:30  INFO 29016 --- [user-service] [http-nio-8082-exec-3] com.bank.user.aop.LoggingAspect          : Completed: UserController.getAllUsers(..) returned: ResponseEntity
2026-03-31T14:05:18.041+05:30  INFO 29016 --- [user-service] [AsyncResolver-bootstrap-executor-0] c.n.d.s.r.aws.ConfigClusterResolver      : Resolving eureka endpoints via configuration
2026-03-31T14:05:45.681+05:30  INFO 29016 --- [user-service] [http-nio-8082-exec-4] com.bank.user.aop.LoggingAspect          : Executing: UserController.getAllUsers(..) with args: [ADMIN]
2026-03-31T14:05:45.681+05:30  INFO 29016 --- [user-service] [http-nio-8082-exec-4] com.bank.user.aop.LoggingAspect          : Executing: UserService.getAllUsers() with args: []
2026-03-31T14:05:45.681+05:30  INFO 29016 --- [user-service] [http-nio-8082-exec-4] com.bank.user.service.UserService        : Fetching all users
2026-03-31T14:05:45.681+05:30  INFO 29016 --- [user-service] [http-nio-8082-exec-4] com.bank.user.aop.LoggingAspect          : Completed: UserService.getAllUsers() returned: ArrayList
2026-03-31T14:05:45.681+05:30  INFO 29016 --- [user-service] [http-nio-8082-exec-4] com.bank.user.aop.LoggingAspect          : UserService.getAllUsers() executed in 0 ms
2026-03-31T14:05:45.681+05:30  INFO 29016 --- [user-service] [http-nio-8082-exec-4] com.bank.user.aop.LoggingAspect          : Completed: UserController.getAllUsers(..) returned: ResponseEntity
2026-03-31T14:07:04.945+05:30  INFO 29016 --- [user-service] [http-nio-8082-exec-5] com.bank.user.aop.LoggingAspect          : Executing: UserController.getAllUsers(..) with args: [ADMIN]
2026-03-31T14:07:04.946+05:30  INFO 29016 --- [user-service] [http-nio-8082-exec-5] com.bank.user.aop.LoggingAspect          : Executing: UserService.getAllUsers() with args: []
2026-03-31T14:07:04.946+05:30  INFO 29016 --- [user-service] [http-nio-8082-exec-5] com.bank.user.service.UserService        : Fetching all users
2026-03-31T14:07:04.953+05:30  INFO 29016 --- [user-service] [http-nio-8082-exec-5] com.bank.user.aop.LoggingAspect          : Completed: UserService.getAllUsers() returned: ArrayList
2026-03-31T14:07:04.954+05:30  INFO 29016 --- [user-service] [http-nio-8082-exec-5] com.bank.user.aop.LoggingAspect          : UserService.getAllUsers() executed in 8 ms
2026-03-31T14:07:04.954+05:30  INFO 29016 --- [user-service] [http-nio-8082-exec-5] com.bank.user.aop.LoggingAspect          : Completed: UserController.getAllUsers(..) returned: ResponseEntity
2026-03-31T14:07:14.506+05:30  INFO 29016 --- [user-service] [http-nio-8082-exec-6] com.bank.user.aop.LoggingAspect          : Executing: UserController.getAllUsers(..) with args: [ADMIN]
2026-03-31T14:07:14.506+05:30  INFO 29016 --- [user-service] [http-nio-8082-exec-6] com.bank.user.aop.LoggingAspect          : Executing: UserService.getAllUsers() with args: []
2026-03-31T14:07:14.506+05:30  INFO 29016 --- [user-service] [http-nio-8082-exec-6] com.bank.user.service.UserService        : Fetching all users
2026-03-31T14:07:14.518+05:30  INFO 29016 --- [user-service] [http-nio-8082-exec-6] com.bank.user.aop.LoggingAspect          : Completed: UserService.getAllUsers() returned: ArrayList
2026-03-31T14:07:14.518+05:30  INFO 29016 --- [user-service] [http-nio-8082-exec-6] com.bank.user.aop.LoggingAspect          : UserService.getAllUsers() executed in 12 ms
2026-03-31T14:07:14.518+05:30  INFO 29016 --- [user-service] [http-nio-8082-exec-6] com.bank.user.aop.LoggingAspect          : Completed: UserController.getAllUsers(..) returned: ResponseEntity
2026-03-31T14:07:23.555+05:30  INFO 29016 --- [user-service] [http-nio-8082-exec-7] com.bank.user.aop.LoggingAspect          : Executing: UserController.getAllUsers(..) with args: [ADMIN]
2026-03-31T14:07:23.556+05:30  INFO 29016 --- [user-service] [http-nio-8082-exec-7] com.bank.user.aop.LoggingAspect          : Executing: UserService.getAllUsers() with args: []
2026-03-31T14:07:23.557+05:30  INFO 29016 --- [user-service] [http-nio-8082-exec-7] com.bank.user.service.UserService        : Fetching all users
2026-03-31T14:07:23.568+05:30  INFO 29016 --- [user-service] [http-nio-8082-exec-7] com.bank.user.aop.LoggingAspect          : Completed: UserService.getAllUsers() returned: ArrayList
2026-03-31T14:07:23.568+05:30  INFO 29016 --- [user-service] [http-nio-8082-exec-7] com.bank.user.aop.LoggingAspect          : UserService.getAllUsers() executed in 12 ms
2026-03-31T14:07:23.569+05:30  INFO 29016 --- [user-service] [http-nio-8082-exec-7] com.bank.user.aop.LoggingAspect          : Completed: UserController.getAllUsers(..) returned: ResponseEntity
2026-03-31T14:07:48.659+05:30  INFO 29016 --- [user-service] [http-nio-8082-exec-8] com.bank.user.aop.LoggingAspect          : Executing: UserController.getAllUsers(..) with args: [ADMIN]
2026-03-31T14:07:48.659+05:30  INFO 29016 --- [user-service] [http-nio-8082-exec-8] com.bank.user.aop.LoggingAspect          : Executing: UserService.getAllUsers() with args: []
2026-03-31T14:07:48.659+05:30  INFO 29016 --- [user-service] [http-nio-8082-exec-8] com.bank.user.service.UserService        : Fetching all users
2026-03-31T14:07:48.679+05:30  INFO 29016 --- [user-service] [http-nio-8082-exec-8] com.bank.user.aop.LoggingAspect          : Completed: UserService.getAllUsers() returned: ArrayList
2026-03-31T14:07:48.679+05:30  INFO 29016 --- [user-service] [http-nio-8082-exec-8] com.bank.user.aop.LoggingAspect          : UserService.getAllUsers() executed in 20 ms
2026-03-31T14:07:48.679+05:30  INFO 29016 --- [user-service] [http-nio-8082-exec-8] com.bank.user.aop.LoggingAspect          : Completed: UserController.getAllUsers(..) returned: ResponseEntity
2026-03-31T14:10:18.046+05:30  INFO 29016 --- [user-service] [AsyncResolver-bootstrap-executor-0] c.n.d.s.r.aws.ConfigClusterResolver      : Resolving eureka endpoints via configuration
2026-03-31T14:13:49.111+05:30  INFO 29016 --- [user-service] [RMI TCP Connection(57)-127.0.0.1] inMXBeanRegistrar$SpringApplicationAdmin : Application shutdown requested.
2026-03-31T14:13:49.130+05:30  INFO 29016 --- [user-service] [RMI TCP Connection(57)-127.0.0.1] o.s.c.n.e.s.EurekaServiceRegistry        : Unregistering application USER-SERVICE with eureka with status DOWN
2026-03-31T14:13:49.130+05:30  INFO 29016 --- [user-service] [RMI TCP Connection(57)-127.0.0.1] com.netflix.discovery.DiscoveryClient    : Saw local status change event StatusChangeEvent [timestamp=1774946629130, current=DOWN, previous=UP]
2026-03-31T14:13:49.131+05:30  INFO 29016 --- [user-service] [DiscoveryClient-InstanceInfoReplicator-0] com.netflix.discovery.DiscoveryClient    : DiscoveryClient_USER-SERVICE/10.110.197.62:user-service:8082: registering service...
2026-03-31T14:13:49.150+05:30  INFO 29016 --- [user-service] [DiscoveryClient-InstanceInfoReplicator-0] com.netflix.discovery.DiscoveryClient    : DiscoveryClient_USER-SERVICE/10.110.197.62:user-service:8082 - registration status: 204
2026-03-31T14:13:49.220+05:30  INFO 29016 --- [user-service] [RMI TCP Connection(57)-127.0.0.1] j.LocalContainerEntityManagerFactoryBean : Closing JPA EntityManagerFactory for persistence unit 'default'
2026-03-31T14:13:49.240+05:30  INFO 29016 --- [user-service] [RMI TCP Connection(57)-127.0.0.1] com.zaxxer.hikari.HikariDataSource       : HikariPool-1 - Shutdown initiated...
2026-03-31T14:13:49.250+05:30  INFO 29016 --- [user-service] [RMI TCP Connection(57)-127.0.0.1] com.zaxxer.hikari.HikariDataSource       : HikariPool-1 - Shutdown completed.
2026-03-31T14:13:49.253+05:30  INFO 29016 --- [user-service] [RMI TCP Connection(57)-127.0.0.1] com.netflix.discovery.DiscoveryClient    : Shutting down DiscoveryClient ...
2026-03-31T14:13:52.265+05:30  INFO 29016 --- [user-service] [RMI TCP Connection(57)-127.0.0.1] com.netflix.discovery.DiscoveryClient    : Unregistering ...
2026-03-31T14:13:52.282+05:30  INFO 29016 --- [user-service] [RMI TCP Connection(57)-127.0.0.1] com.netflix.discovery.DiscoveryClient    : DiscoveryClient_USER-SERVICE/10.110.197.62:user-service:8082 - deregister  status: 200
2026-03-31T14:13:52.292+05:30  INFO 29016 --- [user-service] [RMI TCP Connection(57)-127.0.0.1] com.netflix.discovery.DiscoveryClient    : Completed shut down of DiscoveryClient
