2026-03-31T12:17:37.237+05:30  INFO 25992 --- [auth-service] [main] com.bank.auth.AuthServiceApplication     : Starting AuthServiceApplication using Java 17.0.10 with PID 25992 (C:\Users\mmanish3\OneDrive - Capgemini\Desktop\bankmanagement\auth-service\target\classes started by mmanish3 in C:\Users\mmanish3\OneDrive - Capgemini\Desktop\bankmanagement\auth-service)
2026-03-31T12:17:37.317+05:30  INFO 25992 --- [auth-service] [main] com.bank.auth.AuthServiceApplication     : No active profile set, falling back to 1 default profile: "default"
2026-03-31T12:17:40.937+05:30  INFO 25992 --- [auth-service] [main] .s.d.r.c.RepositoryConfigurationDelegate : Bootstrapping Spring Data JPA repositories in DEFAULT mode.
2026-03-31T12:17:41.632+05:30  INFO 25992 --- [auth-service] [main] .s.d.r.c.RepositoryConfigurationDelegate : Finished Spring Data repository scanning in 675 ms. Found 1 JPA repository interface.
2026-03-31T12:17:42.527+05:30  INFO 25992 --- [auth-service] [main] o.s.cloud.context.scope.GenericScope     : BeanFactory id=2139a7a5-d232-3f59-83f8-dcb456062af1
2026-03-31T12:17:43.715+05:30  WARN 25992 --- [auth-service] [main] trationDelegate$BeanPostProcessorChecker : Bean 'org.springframework.cloud.client.loadbalancer.LoadBalancerAutoConfiguration$LoadBalancerInterceptorConfig' of type [org.springframework.cloud.client.loadbalancer.LoadBalancerAutoConfiguration$LoadBalancerInterceptorConfig] is not eligible for getting processed by all BeanPostProcessors (for example: not eligible for auto-proxying). The currently created BeanPostProcessor [lbRestClientPostProcessor] is declared through a non-static factory method on that class; consider declaring it as static instead.
2026-03-31T12:17:43.720+05:30  WARN 25992 --- [auth-service] [main] trationDelegate$BeanPostProcessorChecker : Bean 'org.springframework.cloud.loadbalancer.config.BlockingLoadBalancerClientAutoConfiguration' of type [org.springframework.cloud.loadbalancer.config.BlockingLoadBalancerClientAutoConfiguration] is not eligible for getting processed by all BeanPostProcessors (for example: not eligible for auto-proxying). Is this bean getting eagerly injected into a currently created BeanPostProcessor [lbRestClientPostProcessor]? Check the corresponding BeanPostProcessor declaration and its dependencies.
2026-03-31T12:17:43.725+05:30  WARN 25992 --- [auth-service] [main] trationDelegate$BeanPostProcessorChecker : Bean 'org.springframework.cloud.loadbalancer.config.LoadBalancerAutoConfiguration' of type [org.springframework.cloud.loadbalancer.config.LoadBalancerAutoConfiguration] is not eligible for getting processed by all BeanPostProcessors (for example: not eligible for auto-proxying). Is this bean getting eagerly injected into a currently created BeanPostProcessor [lbRestClientPostProcessor]? Check the corresponding BeanPostProcessor declaration and its dependencies.
2026-03-31T12:17:43.752+05:30  WARN 25992 --- [auth-service] [main] trationDelegate$BeanPostProcessorChecker : Bean 'org.springframework.cloud.commons.config.CommonsConfigAutoConfiguration' of type [org.springframework.cloud.commons.config.CommonsConfigAutoConfiguration] is not eligible for getting processed by all BeanPostProcessors (for example: not eligible for auto-proxying). Is this bean getting eagerly injected into a currently created BeanPostProcessor [lbRestClientPostProcessor]? Check the corresponding BeanPostProcessor declaration and its dependencies.
2026-03-31T12:17:43.758+05:30  WARN 25992 --- [auth-service] [main] trationDelegate$BeanPostProcessorChecker : Bean 'org.springframework.cloud.client.loadbalancer.LoadBalancerDefaultMappingsProviderAutoConfiguration' of type [org.springframework.cloud.client.loadbalancer.LoadBalancerDefaultMappingsProviderAutoConfiguration] is not eligible for getting processed by all BeanPostProcessors (for example: not eligible for auto-proxying). Is this bean getting eagerly injected into a currently created BeanPostProcessor [lbRestClientPostProcessor]? Check the corresponding BeanPostProcessor declaration and its dependencies.
2026-03-31T12:17:43.761+05:30  WARN 25992 --- [auth-service] [main] trationDelegate$BeanPostProcessorChecker : Bean 'loadBalancerClientsDefaultsMappingsProvider' of type [org.springframework.cloud.client.loadbalancer.LoadBalancerDefaultMappingsProviderAutoConfiguration$$Lambda$656/0x00000008005309f0] is not eligible for getting processed by all BeanPostProcessors (for example: not eligible for auto-proxying). Is this bean getting eagerly injected into a currently created BeanPostProcessor [lbRestClientPostProcessor]? Check the corresponding BeanPostProcessor declaration and its dependencies.
2026-03-31T12:17:43.777+05:30  WARN 25992 --- [auth-service] [main] trationDelegate$BeanPostProcessorChecker : Bean 'defaultsBindHandlerAdvisor' of type [org.springframework.cloud.commons.config.DefaultsBindHandlerAdvisor] is not eligible for getting processed by all BeanPostProcessors (for example: not eligible for auto-proxying). Is this bean getting eagerly injected into a currently created BeanPostProcessor [lbRestClientPostProcessor]? Check the corresponding BeanPostProcessor declaration and its dependencies.
2026-03-31T12:17:43.792+05:30  WARN 25992 --- [auth-service] [main] trationDelegate$BeanPostProcessorChecker : Bean 'spring.cloud.loadbalancer-org.springframework.cloud.client.loadbalancer.LoadBalancerClientsProperties' of type [org.springframework.cloud.client.loadbalancer.LoadBalancerClientsProperties] is not eligible for getting processed by all BeanPostProcessors (for example: not eligible for auto-proxying). Is this bean getting eagerly injected into a currently created BeanPostProcessor [lbRestClientPostProcessor]? Check the corresponding BeanPostProcessor declaration and its dependencies.
2026-03-31T12:17:43.809+05:30  WARN 25992 --- [auth-service] [main] trationDelegate$BeanPostProcessorChecker : Bean 'default.org.springframework.cloud.loadbalancer.config.LoadBalancerAutoConfiguration.LoadBalancerClientSpecification' of type [org.springframework.cloud.loadbalancer.annotation.LoadBalancerClientSpecification] is not eligible for getting processed by all BeanPostProcessors (for example: not eligible for auto-proxying). Is this bean getting eagerly injected into a currently created BeanPostProcessor [lbRestClientPostProcessor]? Check the corresponding BeanPostProcessor declaration and its dependencies.
2026-03-31T12:17:43.815+05:30  WARN 25992 --- [auth-service] [main] trationDelegate$BeanPostProcessorChecker : Bean 'default.org.springframework.cloud.loadbalancer.config.BlockingLoadBalancerClientAutoConfiguration.LoadBalancerClientSpecification' of type [org.springframework.cloud.loadbalancer.annotation.LoadBalancerClientSpecification] is not eligible for getting processed by all BeanPostProcessors (for example: not eligible for auto-proxying). Is this bean getting eagerly injected into a currently created BeanPostProcessor [lbRestClientPostProcessor]? Check the corresponding BeanPostProcessor declaration and its dependencies.
2026-03-31T12:17:43.817+05:30  WARN 25992 --- [auth-service] [main] trationDelegate$BeanPostProcessorChecker : Bean 'default.org.springframework.cloud.netflix.eureka.loadbalancer.LoadBalancerEurekaAutoConfiguration.LoadBalancerClientSpecification' of type [org.springframework.cloud.loadbalancer.annotation.LoadBalancerClientSpecification] is not eligible for getting processed by all BeanPostProcessors (for example: not eligible for auto-proxying). Is this bean getting eagerly injected into a currently created BeanPostProcessor [lbRestClientPostProcessor]? Check the corresponding BeanPostProcessor declaration and its dependencies.
2026-03-31T12:17:43.820+05:30  WARN 25992 --- [auth-service] [main] trationDelegate$BeanPostProcessorChecker : Bean 'loadBalancerClientFactory' of type [org.springframework.cloud.loadbalancer.support.LoadBalancerClientFactory] is not eligible for getting processed by all BeanPostProcessors (for example: not eligible for auto-proxying). Is this bean getting eagerly injected into a currently created BeanPostProcessor [lbRestClientPostProcessor]? Check the corresponding BeanPostProcessor declaration and its dependencies.
2026-03-31T12:17:43.878+05:30  WARN 25992 --- [auth-service] [main] trationDelegate$BeanPostProcessorChecker : Bean 'blockingLoadBalancerClient' of type [org.springframework.cloud.loadbalancer.blocking.client.BlockingLoadBalancerClient] is not eligible for getting processed by all BeanPostProcessors (for example: not eligible for auto-proxying). Is this bean getting eagerly injected into a currently created BeanPostProcessor [lbRestClientPostProcessor]? Check the corresponding BeanPostProcessor declaration and its dependencies.
2026-03-31T12:17:43.920+05:30  WARN 25992 --- [auth-service] [main] trationDelegate$BeanPostProcessorChecker : Bean 'loadBalancerServiceInstanceCookieTransformer' of type [org.springframework.cloud.loadbalancer.core.LoadBalancerServiceInstanceCookieTransformer] is not eligible for getting processed by all BeanPostProcessors (for example: not eligible for auto-proxying). Is this bean getting eagerly injected into a currently created BeanPostProcessor [lbRestClientPostProcessor]? Check the corresponding BeanPostProcessor declaration and its dependencies.
2026-03-31T12:17:43.926+05:30  WARN 25992 --- [auth-service] [main] trationDelegate$BeanPostProcessorChecker : Bean 'xForwarderHeadersTransformer' of type [org.springframework.cloud.loadbalancer.blocking.XForwardedHeadersTransformer] is not eligible for getting processed by all BeanPostProcessors (for example: not eligible for auto-proxying). Is this bean getting eagerly injected into a currently created BeanPostProcessor [lbRestClientPostProcessor]? Check the corresponding BeanPostProcessor declaration and its dependencies.
2026-03-31T12:17:43.929+05:30  WARN 25992 --- [auth-service] [main] trationDelegate$BeanPostProcessorChecker : Bean 'org.springframework.cloud.client.loadbalancer.LoadBalancerAutoConfiguration' of type [org.springframework.cloud.client.loadbalancer.LoadBalancerAutoConfiguration] is not eligible for getting processed by all BeanPostProcessors (for example: not eligible for auto-proxying). Is this bean getting eagerly injected into a currently created BeanPostProcessor [lbRestClientPostProcessor]? Check the corresponding BeanPostProcessor declaration and its dependencies.
2026-03-31T12:17:43.936+05:30  WARN 25992 --- [auth-service] [main] trationDelegate$BeanPostProcessorChecker : Bean 'loadBalancerRequestFactory' of type [org.springframework.cloud.client.loadbalancer.LoadBalancerRequestFactory] is not eligible for getting processed by all BeanPostProcessors (for example: not eligible for auto-proxying). Is this bean getting eagerly injected into a currently created BeanPostProcessor [lbRestClientPostProcessor]? Check the corresponding BeanPostProcessor declaration and its dependencies.
2026-03-31T12:17:43.939+05:30  WARN 25992 --- [auth-service] [main] trationDelegate$BeanPostProcessorChecker : Bean 'loadBalancerInterceptor' of type [org.springframework.cloud.client.loadbalancer.LoadBalancerInterceptor] is not eligible for getting processed by all BeanPostProcessors (for example: not eligible for auto-proxying). Is this bean getting eagerly injected into a currently created BeanPostProcessor [lbRestClientPostProcessor]? Check the corresponding BeanPostProcessor declaration and its dependencies.
2026-03-31T12:17:45.404+05:30  INFO 25992 --- [auth-service] [main] o.s.b.w.embedded.tomcat.TomcatWebServer  : Tomcat initialized with port 8081 (http)
2026-03-31T12:17:45.437+05:30  INFO 25992 --- [auth-service] [main] o.apache.catalina.core.StandardService   : Starting service [Tomcat]
2026-03-31T12:17:45.439+05:30  INFO 25992 --- [auth-service] [main] o.apache.catalina.core.StandardEngine    : Starting Servlet engine: [Apache Tomcat/10.1.16]
2026-03-31T12:17:46.295+05:30  INFO 25992 --- [auth-service] [main] o.a.c.c.C.[Tomcat].[localhost].[/]       : Initializing Spring embedded WebApplicationContext
2026-03-31T12:17:46.296+05:30  INFO 25992 --- [auth-service] [main] w.s.c.ServletWebServerApplicationContext : Root WebApplicationContext: initialization completed in 8834 ms
2026-03-31T12:17:47.214+05:30  INFO 25992 --- [auth-service] [main] o.hibernate.jpa.internal.util.LogHelper  : HHH000204: Processing PersistenceUnitInfo [name: default]
2026-03-31T12:17:47.467+05:30  INFO 25992 --- [auth-service] [main] org.hibernate.Version                    : HHH000412: Hibernate ORM core version 6.3.1.Final
2026-03-31T12:17:47.635+05:30  INFO 25992 --- [auth-service] [main] o.h.c.internal.RegionFactoryInitiator    : HHH000026: Second-level cache disabled
2026-03-31T12:17:48.538+05:30  INFO 25992 --- [auth-service] [main] o.s.o.j.p.SpringPersistenceUnitInfo      : No LoadTimeWeaver setup: ignoring JPA class transformer
2026-03-31T12:17:48.658+05:30  INFO 25992 --- [auth-service] [main] com.zaxxer.hikari.HikariDataSource       : HikariPool-1 - Starting...
2026-03-31T12:17:49.075+05:30  INFO 25992 --- [auth-service] [main] com.zaxxer.hikari.pool.HikariPool        : HikariPool-1 - Added connection com.mysql.cj.jdbc.ConnectionImpl@5ebf776c
2026-03-31T12:17:49.079+05:30  INFO 25992 --- [auth-service] [main] com.zaxxer.hikari.HikariDataSource       : HikariPool-1 - Start completed.
2026-03-31T12:17:49.208+05:30  WARN 25992 --- [auth-service] [main] org.hibernate.orm.deprecation            : HHH90000025: MySQLDialect does not need to be specified explicitly using 'hibernate.dialect' (remove the property setting and it will be selected by default)
2026-03-31T12:17:51.492+05:30  INFO 25992 --- [auth-service] [main] o.h.e.t.j.p.i.JtaPlatformInitiator       : HHH000489: No JTA platform available (set 'hibernate.transaction.jta.platform' to enable JTA platform integration)
2026-03-31T12:17:51.674+05:30  INFO 25992 --- [auth-service] [main] j.LocalContainerEntityManagerFactoryBean : Initialized JPA EntityManagerFactory for persistence unit 'default'
2026-03-31T12:17:54.771+05:30  WARN 25992 --- [auth-service] [main] JpaBaseConfiguration$JpaWebConfiguration : spring.jpa.open-in-view is enabled by default. Therefore, database queries may be performed during view rendering. Explicitly configure spring.jpa.open-in-view to disable this warning
2026-03-31T12:17:55.511+05:30  INFO 25992 --- [auth-service] [main] o.s.s.web.DefaultSecurityFilterChain     : Will secure any request with [org.springframework.security.web.session.DisableEncodeUrlFilter@698e2cba, org.springframework.security.web.context.request.async.WebAsyncManagerIntegrationFilter@6cf47d05, org.springframework.security.web.context.SecurityContextHolderFilter@3986b56, org.springframework.security.web.header.HeaderWriterFilter@6419726f, org.springframework.web.filter.CorsFilter@38f704f4, org.springframework.security.web.authentication.logout.LogoutFilter@3695e4f2, org.springframework.security.web.savedrequest.RequestCacheAwareFilter@453fcce2, org.springframework.security.web.servletapi.SecurityContextHolderAwareRequestFilter@7e147828, org.springframework.security.web.authentication.AnonymousAuthenticationFilter@43f4621b, org.springframework.security.web.session.SessionManagementFilter@63f093a, org.springframework.security.web.access.ExceptionTranslationFilter@1b6441c9, org.springframework.security.web.access.intercept.AuthorizationFilter@1ac9c3cc]
2026-03-31T12:17:57.181+05:30  INFO 25992 --- [auth-service] [main] DiscoveryClientOptionalArgsConfiguration : Eureka HTTP Client uses RestTemplate.
2026-03-31T12:17:57.663+05:30  WARN 25992 --- [auth-service] [main] iguration$LoadBalancerCaffeineWarnLogger : Spring Cloud LoadBalancer is currently working with the default cache. While this cache implementation is useful for development and tests, it's recommended to use Caffeine cache in production.You can switch to using Caffeine cache, by adding it and org.springframework.cache.caffeine.CaffeineCacheManager to the classpath.
2026-03-31T12:17:57.752+05:30  INFO 25992 --- [auth-service] [main] o.s.c.n.eureka.InstanceInfoFactory       : Setting initial instance status as: STARTING
2026-03-31T12:17:57.832+05:30  INFO 25992 --- [auth-service] [main] com.netflix.discovery.DiscoveryClient    : Initializing Eureka in region us-east-1
2026-03-31T12:17:57.842+05:30  INFO 25992 --- [auth-service] [main] c.n.d.s.r.aws.ConfigClusterResolver      : Resolving eureka endpoints via configuration
2026-03-31T12:17:57.885+05:30  INFO 25992 --- [auth-service] [main] com.netflix.discovery.DiscoveryClient    : Disable delta property : false
2026-03-31T12:17:57.885+05:30  INFO 25992 --- [auth-service] [main] com.netflix.discovery.DiscoveryClient    : Single vip registry refresh property : null
2026-03-31T12:17:57.885+05:30  INFO 25992 --- [auth-service] [main] com.netflix.discovery.DiscoveryClient    : Force full registry fetch : false
2026-03-31T12:17:57.886+05:30  INFO 25992 --- [auth-service] [main] com.netflix.discovery.DiscoveryClient    : Application is null : false
2026-03-31T12:17:57.886+05:30  INFO 25992 --- [auth-service] [main] com.netflix.discovery.DiscoveryClient    : Registered Applications size is zero : true
2026-03-31T12:17:57.886+05:30  INFO 25992 --- [auth-service] [main] com.netflix.discovery.DiscoveryClient    : Application version is -1: true
2026-03-31T12:17:57.886+05:30  INFO 25992 --- [auth-service] [main] com.netflix.discovery.DiscoveryClient    : Getting all instance registry info from the eureka server
2026-03-31T12:17:58.339+05:30  INFO 25992 --- [auth-service] [main] com.netflix.discovery.DiscoveryClient    : The response status is 200
2026-03-31T12:17:58.343+05:30  INFO 25992 --- [auth-service] [main] com.netflix.discovery.DiscoveryClient    : Starting heartbeat executor: renew interval is: 30
2026-03-31T12:17:58.348+05:30  INFO 25992 --- [auth-service] [main] c.n.discovery.InstanceInfoReplicator     : InstanceInfoReplicator onDemand update allowed rate per min is 4
2026-03-31T12:17:58.357+05:30  INFO 25992 --- [auth-service] [main] com.netflix.discovery.DiscoveryClient    : Discovery Client initialized at timestamp 1774939678356 with initial instances count: 0
2026-03-31T12:17:58.387+05:30  INFO 25992 --- [auth-service] [main] o.s.c.n.e.s.EurekaServiceRegistry        : Registering application AUTH-SERVICE with eureka with status UP
2026-03-31T12:17:58.388+05:30  INFO 25992 --- [auth-service] [main] com.netflix.discovery.DiscoveryClient    : Saw local status change event StatusChangeEvent [timestamp=1774939678388, current=UP, previous=STARTING]
2026-03-31T12:17:58.392+05:30  INFO 25992 --- [auth-service] [DiscoveryClient-InstanceInfoReplicator-0] com.netflix.discovery.DiscoveryClient    : DiscoveryClient_AUTH-SERVICE/10.110.197.62:auth-service:8081: registering service...
2026-03-31T12:17:58.463+05:30  INFO 25992 --- [auth-service] [main] o.s.b.w.embedded.tomcat.TomcatWebServer  : Tomcat started on port 8081 (http) with context path ''
2026-03-31T12:17:58.464+05:30  INFO 25992 --- [auth-service] [main] .s.c.n.e.s.EurekaAutoServiceRegistration : Updating port to 8081
2026-03-31T12:17:58.511+05:30  INFO 25992 --- [auth-service] [DiscoveryClient-InstanceInfoReplicator-0] com.netflix.discovery.DiscoveryClient    : DiscoveryClient_AUTH-SERVICE/10.110.197.62:auth-service:8081 - registration status: 204
2026-03-31T12:17:59.051+05:30  INFO 25992 --- [auth-service] [main] com.bank.auth.AuthServiceApplication     : Started AuthServiceApplication in 24.416 seconds (process running for 29.366)
2026-03-31T12:17:59.886+05:30  INFO 25992 --- [auth-service] [main] com.bank.auth.config.DataInitializer     : Total users in database: 22
2026-03-31T12:18:28.348+05:30  INFO 25992 --- [auth-service] [DiscoveryClient-CacheRefreshExecutor-0] com.netflix.discovery.DiscoveryClient    : Disable delta property : false
2026-03-31T12:18:28.349+05:30  INFO 25992 --- [auth-service] [DiscoveryClient-CacheRefreshExecutor-0] com.netflix.discovery.DiscoveryClient    : Single vip registry refresh property : null
2026-03-31T12:18:28.349+05:30  INFO 25992 --- [auth-service] [DiscoveryClient-CacheRefreshExecutor-0] com.netflix.discovery.DiscoveryClient    : Force full registry fetch : false
2026-03-31T12:18:28.349+05:30  INFO 25992 --- [auth-service] [DiscoveryClient-CacheRefreshExecutor-0] com.netflix.discovery.DiscoveryClient    : Application is null : false
2026-03-31T12:18:28.349+05:30  INFO 25992 --- [auth-service] [DiscoveryClient-CacheRefreshExecutor-0] com.netflix.discovery.DiscoveryClient    : Registered Applications size is zero : true
2026-03-31T12:18:28.349+05:30  INFO 25992 --- [auth-service] [DiscoveryClient-CacheRefreshExecutor-0] com.netflix.discovery.DiscoveryClient    : Application version is -1: false
2026-03-31T12:18:28.350+05:30  INFO 25992 --- [auth-service] [DiscoveryClient-CacheRefreshExecutor-0] com.netflix.discovery.DiscoveryClient    : Getting all instance registry info from the eureka server
2026-03-31T12:18:28.377+05:30  INFO 25992 --- [auth-service] [DiscoveryClient-CacheRefreshExecutor-0] com.netflix.discovery.DiscoveryClient    : The response status is 200
2026-03-31T12:20:14.507+05:30  INFO 25992 --- [auth-service] [http-nio-8081-exec-1] o.a.c.c.C.[Tomcat].[localhost].[/]       : Initializing Spring DispatcherServlet 'dispatcherServlet'
2026-03-31T12:20:14.508+05:30  INFO 25992 --- [auth-service] [http-nio-8081-exec-1] o.s.web.servlet.DispatcherServlet        : Initializing Servlet 'dispatcherServlet'
2026-03-31T12:20:14.510+05:30  INFO 25992 --- [auth-service] [http-nio-8081-exec-1] o.s.web.servlet.DispatcherServlet        : Completed initialization in 2 ms
2026-03-31T12:20:14.551+05:30  WARN 25992 --- [auth-service] [http-nio-8081-exec-1] o.s.w.s.h.HandlerMappingIntrospector     : Cache miss for REQUEST dispatch to '/api/auth/login' (previous null). Performing MatchableHandlerMapping lookup. This is logged once only at WARN level, and every time at TRACE.
2026-03-31T12:20:14.607+05:30  INFO 25992 --- [auth-service] [http-nio-8081-exec-1] com.bank.auth.aop.LoggingAspect          : Executing: AuthController.login(..) with args: [LoginRequest(username=admin, password=admin123)]
2026-03-31T12:20:14.607+05:30  INFO 25992 --- [auth-service] [http-nio-8081-exec-1] c.bank.auth.controller.AuthController    : Login request received for: admin
2026-03-31T12:20:14.608+05:30  INFO 25992 --- [auth-service] [http-nio-8081-exec-1] com.bank.auth.aop.LoggingAspect          : Executing: AuthService.login(..) with args: [LoginRequest(username=admin, password=admin123)]
2026-03-31T12:20:14.608+05:30  INFO 25992 --- [auth-service] [http-nio-8081-exec-1] com.bank.auth.service.AuthService        : Login attempt for user: admin
2026-03-31T12:20:14.845+05:30  INFO 25992 --- [auth-service] [http-nio-8081-exec-1] com.bank.auth.aop.LoggingAspect          : Completed: AuthService.login(..) returned: LoginResponse
2026-03-31T12:20:14.845+05:30  INFO 25992 --- [auth-service] [http-nio-8081-exec-1] com.bank.auth.aop.LoggingAspect          : AuthService.login(..) executed in 238 ms
2026-03-31T12:20:14.845+05:30  INFO 25992 --- [auth-service] [http-nio-8081-exec-1] com.bank.auth.aop.LoggingAspect          : Completed: AuthController.login(..) returned: ResponseEntity
2026-03-31T12:20:58.502+05:30  INFO 25992 --- [auth-service] [http-nio-8081-exec-2] com.bank.auth.aop.LoggingAspect          : Executing: AuthController.login(..) with args: [LoginRequest(username=manisha, password=Manisha@123)]
2026-03-31T12:20:58.502+05:30  INFO 25992 --- [auth-service] [http-nio-8081-exec-2] c.bank.auth.controller.AuthController    : Login request received for: manisha
2026-03-31T12:20:58.503+05:30  INFO 25992 --- [auth-service] [http-nio-8081-exec-2] com.bank.auth.aop.LoggingAspect          : Executing: AuthService.login(..) with args: [LoginRequest(username=manisha, password=Manisha@123)]
2026-03-31T12:20:58.503+05:30  INFO 25992 --- [auth-service] [http-nio-8081-exec-2] com.bank.auth.service.AuthService        : Login attempt for user: manisha
2026-03-31T12:20:58.634+05:30  INFO 25992 --- [auth-service] [http-nio-8081-exec-2] com.bank.auth.aop.LoggingAspect          : Completed: AuthService.login(..) returned: LoginResponse
2026-03-31T12:20:58.634+05:30  INFO 25992 --- [auth-service] [http-nio-8081-exec-2] com.bank.auth.aop.LoggingAspect          : AuthService.login(..) executed in 131 ms
2026-03-31T12:20:58.634+05:30  INFO 25992 --- [auth-service] [http-nio-8081-exec-2] com.bank.auth.aop.LoggingAspect          : Completed: AuthController.login(..) returned: ResponseEntity
2026-03-31T12:22:57.904+05:30  INFO 25992 --- [auth-service] [AsyncResolver-bootstrap-executor-0] c.n.d.s.r.aws.ConfigClusterResolver      : Resolving eureka endpoints via configuration
2026-03-31T12:27:57.910+05:30  INFO 25992 --- [auth-service] [AsyncResolver-bootstrap-executor-0] c.n.d.s.r.aws.ConfigClusterResolver      : Resolving eureka endpoints via configuration
2026-03-31T12:29:03.362+05:30  INFO 25992 --- [auth-service] [http-nio-8081-exec-3] com.bank.auth.aop.LoggingAspect          : Executing: AuthController.login(..) with args: [LoginRequest(username=admin, password=admin123)]
2026-03-31T12:29:03.364+05:30  INFO 25992 --- [auth-service] [http-nio-8081-exec-3] c.bank.auth.controller.AuthController    : Login request received for: admin
2026-03-31T12:29:03.364+05:30  INFO 25992 --- [auth-service] [http-nio-8081-exec-3] com.bank.auth.aop.LoggingAspect          : Executing: AuthService.login(..) with args: [LoginRequest(username=admin, password=admin123)]
2026-03-31T12:29:03.367+05:30  INFO 25992 --- [auth-service] [http-nio-8081-exec-3] com.bank.auth.service.AuthService        : Login attempt for user: admin
2026-03-31T12:29:03.579+05:30  INFO 25992 --- [auth-service] [http-nio-8081-exec-3] com.bank.auth.aop.LoggingAspect          : Completed: AuthService.login(..) returned: LoginResponse
2026-03-31T12:29:03.579+05:30  INFO 25992 --- [auth-service] [http-nio-8081-exec-3] com.bank.auth.aop.LoggingAspect          : AuthService.login(..) executed in 215 ms
2026-03-31T12:29:03.580+05:30  INFO 25992 --- [auth-service] [http-nio-8081-exec-3] com.bank.auth.aop.LoggingAspect          : Completed: AuthController.login(..) returned: ResponseEntity
2026-03-31T13:42:38.721+05:30  WARN 25992 --- [auth-service] [HikariPool-1 housekeeper] com.zaxxer.hikari.pool.HikariPool        : HikariPool-1 - Thread starvation or clock leap detected (housekeeper delta=1h12m49s297ms746µs600ns).
2026-03-31T13:45:17.217+05:30  INFO 25992 --- [auth-service] [AsyncResolver-bootstrap-executor-0] c.n.d.s.r.aws.ConfigClusterResolver      : Resolving eureka endpoints via configuration
2026-03-31T13:50:17.224+05:30  INFO 25992 --- [auth-service] [AsyncResolver-bootstrap-executor-0] c.n.d.s.r.aws.ConfigClusterResolver      : Resolving eureka endpoints via configuration
2026-03-31T13:53:15.453+05:30  INFO 25992 --- [auth-service] [http-nio-8081-exec-4] com.bank.auth.aop.LoggingAspect          : Executing: AuthController.register(..) with args: [RegisterRequest(username=user40, password=password123, email=user40@securebank.com, firstName=User40, lastName=Generated, role=USER)]
2026-03-31T13:53:15.453+05:30  INFO 25992 --- [auth-service] [http-nio-8081-exec-4] c.bank.auth.controller.AuthController    : Register request received for: user40
2026-03-31T13:53:15.453+05:30  INFO 25992 --- [auth-service] [http-nio-8081-exec-4] com.bank.auth.aop.LoggingAspect          : Executing: AuthService.register(..) with args: [RegisterRequest(username=user40, password=password123, email=user40@securebank.com, firstName=User40, lastName=Generated, role=USER)]
2026-03-31T13:53:15.453+05:30  INFO 25992 --- [auth-service] [http-nio-8081-exec-4] com.bank.auth.service.AuthService        : Registering user: user40
2026-03-31T13:53:16.066+05:30  INFO 25992 --- [auth-service] [http-nio-8081-exec-4] com.bank.auth.service.AuthService        : Creating user profile at: http://localhost:8082/api/users
2026-03-31T13:53:17.017+05:30  INFO 25992 --- [auth-service] [http-nio-8081-exec-4] com.bank.auth.service.AuthService        : User profile created in user-service: {id=38, firstName=User40, lastName=Generated, email=user40@securebank.com, phone=0000000000, createdAt=2026-03-31T13:53:16.7964836, updatedAt=2026-03-31T13:53:16.7964836}
2026-03-31T13:53:17.018+05:30  INFO 25992 --- [auth-service] [http-nio-8081-exec-4] com.bank.auth.aop.LoggingAspect          : Completed: AuthService.register(..) returned: RegisterResponse
2026-03-31T13:53:17.018+05:30  INFO 25992 --- [auth-service] [http-nio-8081-exec-4] com.bank.auth.aop.LoggingAspect          : AuthService.register(..) executed in 1565 ms
2026-03-31T13:53:17.018+05:30  INFO 25992 --- [auth-service] [http-nio-8081-exec-4] com.bank.auth.aop.LoggingAspect          : Completed: AuthController.register(..) returned: ResponseEntity
2026-03-31T13:55:17.236+05:30  INFO 25992 --- [auth-service] [AsyncResolver-bootstrap-executor-0] c.n.d.s.r.aws.ConfigClusterResolver      : Resolving eureka endpoints via configuration
2026-03-31T14:00:17.247+05:30  INFO 25992 --- [auth-service] [AsyncResolver-bootstrap-executor-0] c.n.d.s.r.aws.ConfigClusterResolver      : Resolving eureka endpoints via configuration
2026-03-31T14:05:17.258+05:30  INFO 25992 --- [auth-service] [AsyncResolver-bootstrap-executor-0] c.n.d.s.r.aws.ConfigClusterResolver      : Resolving eureka endpoints via configuration
2026-03-31T14:06:07.095+05:30  INFO 25992 --- [auth-service] [http-nio-8081-exec-5] com.bank.auth.aop.LoggingAspect          : Executing: AuthController.login(..) with args: [LoginRequest(username=manas, password=Manas@123)]
2026-03-31T14:06:07.105+05:30  INFO 25992 --- [auth-service] [http-nio-8081-exec-5] c.bank.auth.controller.AuthController    : Login request received for: manas
2026-03-31T14:06:07.105+05:30  INFO 25992 --- [auth-service] [http-nio-8081-exec-5] com.bank.auth.aop.LoggingAspect          : Executing: AuthService.login(..) with args: [LoginRequest(username=manas, password=Manas@123)]
2026-03-31T14:06:07.105+05:30  INFO 25992 --- [auth-service] [http-nio-8081-exec-5] com.bank.auth.service.AuthService        : Login attempt for user: manas
2026-03-31T14:06:07.257+05:30  INFO 25992 --- [auth-service] [http-nio-8081-exec-5] com.bank.auth.aop.LoggingAspect          : Completed: AuthService.login(..) returned: LoginResponse
2026-03-31T14:06:07.257+05:30  INFO 25992 --- [auth-service] [http-nio-8081-exec-5] com.bank.auth.aop.LoggingAspect          : AuthService.login(..) executed in 152 ms
2026-03-31T14:06:07.257+05:30  INFO 25992 --- [auth-service] [http-nio-8081-exec-5] com.bank.auth.aop.LoggingAspect          : Completed: AuthController.login(..) returned: ResponseEntity
2026-03-31T14:08:15.363+05:30  INFO 25992 --- [auth-service] [http-nio-8081-exec-6] com.bank.auth.aop.LoggingAspect          : Executing: AuthController.login(..) with args: [LoginRequest(username=manas, password=Manas@123)]
2026-03-31T14:08:15.363+05:30  INFO 25992 --- [auth-service] [http-nio-8081-exec-6] c.bank.auth.controller.AuthController    : Login request received for: manas
2026-03-31T14:08:15.363+05:30  INFO 25992 --- [auth-service] [http-nio-8081-exec-6] com.bank.auth.aop.LoggingAspect          : Executing: AuthService.login(..) with args: [LoginRequest(username=manas, password=Manas@123)]
2026-03-31T14:08:15.363+05:30  INFO 25992 --- [auth-service] [http-nio-8081-exec-6] com.bank.auth.service.AuthService        : Login attempt for user: manas
2026-03-31T14:08:15.508+05:30  INFO 25992 --- [auth-service] [http-nio-8081-exec-6] com.bank.auth.aop.LoggingAspect          : Completed: AuthService.login(..) returned: LoginResponse
2026-03-31T14:08:15.508+05:30  INFO 25992 --- [auth-service] [http-nio-8081-exec-6] com.bank.auth.aop.LoggingAspect          : AuthService.login(..) executed in 145 ms
2026-03-31T14:08:15.508+05:30  INFO 25992 --- [auth-service] [http-nio-8081-exec-6] com.bank.auth.aop.LoggingAspect          : Completed: AuthController.login(..) returned: ResponseEntity
2026-03-31T14:10:17.261+05:30  INFO 25992 --- [auth-service] [AsyncResolver-bootstrap-executor-0] c.n.d.s.r.aws.ConfigClusterResolver      : Resolving eureka endpoints via configuration
2026-03-31T14:14:02.407+05:30  INFO 25992 --- [auth-service] [RMI TCP Connection(56)-127.0.0.1] inMXBeanRegistrar$SpringApplicationAdmin : Application shutdown requested.
2026-03-31T14:14:02.441+05:30  INFO 25992 --- [auth-service] [RMI TCP Connection(56)-127.0.0.1] o.s.c.n.e.s.EurekaServiceRegistry        : Unregistering application AUTH-SERVICE with eureka with status DOWN
2026-03-31T14:14:02.441+05:30  INFO 25992 --- [auth-service] [RMI TCP Connection(56)-127.0.0.1] com.netflix.discovery.DiscoveryClient    : Saw local status change event StatusChangeEvent [timestamp=1774946642441, current=DOWN, previous=UP]
2026-03-31T14:14:02.442+05:30  INFO 25992 --- [auth-service] [DiscoveryClient-InstanceInfoReplicator-0] com.netflix.discovery.DiscoveryClient    : DiscoveryClient_AUTH-SERVICE/10.110.197.62:auth-service:8081: registering service...
2026-03-31T14:14:02.459+05:30  INFO 25992 --- [auth-service] [DiscoveryClient-InstanceInfoReplicator-0] com.netflix.discovery.DiscoveryClient    : DiscoveryClient_AUTH-SERVICE/10.110.197.62:auth-service:8081 - registration status: 204
2026-03-31T14:14:02.582+05:30  INFO 25992 --- [auth-service] [RMI TCP Connection(56)-127.0.0.1] j.LocalContainerEntityManagerFactoryBean : Closing JPA EntityManagerFactory for persistence unit 'default'
2026-03-31T14:14:02.611+05:30  INFO 25992 --- [auth-service] [RMI TCP Connection(56)-127.0.0.1] com.zaxxer.hikari.HikariDataSource       : HikariPool-1 - Shutdown initiated...
2026-03-31T14:14:02.620+05:30  INFO 25992 --- [auth-service] [RMI TCP Connection(56)-127.0.0.1] com.zaxxer.hikari.HikariDataSource       : HikariPool-1 - Shutdown completed.
2026-03-31T14:14:02.625+05:30  INFO 25992 --- [auth-service] [RMI TCP Connection(56)-127.0.0.1] com.netflix.discovery.DiscoveryClient    : Shutting down DiscoveryClient ...
2026-03-31T14:14:05.630+05:30  INFO 25992 --- [auth-service] [RMI TCP Connection(56)-127.0.0.1] com.netflix.discovery.DiscoveryClient    : Unregistering ...
2026-03-31T14:14:05.646+05:30  INFO 25992 --- [auth-service] [RMI TCP Connection(56)-127.0.0.1] com.netflix.discovery.DiscoveryClient    : DiscoveryClient_AUTH-SERVICE/10.110.197.62:auth-service:8081 - deregister  status: 200
2026-03-31T14:14:05.656+05:30  INFO 25992 --- [auth-service] [RMI TCP Connection(56)-127.0.0.1] com.netflix.discovery.DiscoveryClient    : Completed shut down of DiscoveryClient
